# JRE version: OpenJDK Runtime Environment (11.0.15) (build 11.0.15+0-b2043.56-8887301)
# Java VM: OpenJDK 64-Bit Server VM (11.0.15+0-b2043.56-8887301, mixed mode, tiered, compressed oops, g1 gc, windows-amd64)
Heap:
 garbage-first heap   total 196608K, used 112551K [0x0000000080000000, 0x0000000100000000)
  region size 1024K, 31 young (31744K), 10 survivors (10240K)
 Metaspace       used 95121K, capacity 97617K, committed 97844K, reserved 1134592K
  class space    used 12302K, capacity 13228K, committed 13312K, reserved 1048576K
GC Heap History (20 events):
Event: 11.115 GC heap before
{Heap before GC invocations=9 (full 0):
 garbage-first heap   total 196608K, used 137700K [0x0000000080000000, 0x0000000100000000)
  region size 1024K, 104 young (106496K), 12 survivors (12288K)
 Metaspace       used 57540K, capacity 59006K, committed 59184K, reserved 1101824K
  class space    used 7188K, capacity 7783K, committed 7808K, reserved 1048576K
}
Event: 11.134 GC heap after
{Heap after GC invocations=10 (full 0):
 garbage-first heap   total 196608K, used 52224K [0x0000000080000000, 0x0000000100000000)
  region size 1024K, 13 young (13312K), 13 survivors (13312K)
 Metaspace       used 57540K, capacity 59006K, committed 59184K, reserved 1101824K
  class space    used 7188K, capacity 7783K, committed 7808K, reserved 1048576K
}
Event: 11.563 GC heap before
{Heap before GC invocations=10 (full 0):
 garbage-first heap   total 196608K, used 62464K [0x0000000080000000, 0x0000000100000000)
  region size 1024K, 24 young (24576K), 13 survivors (13312K)
 Metaspace       used 58536K, capacity 60113K, committed 60208K, reserved 1101824K
  class space    used 7368K, capacity 8014K, committed 8064K, reserved 1048576K
}
Event: 11.577 GC heap after
{Heap after GC invocations=11 (full 0):
 garbage-first heap   total 196608K, used 54916K [0x0000000080000000, 0x0000000100000000)
  region size 1024K, 2 young (2048K), 2 survivors (2048K)
 Metaspace       used 58536K, capacity 60113K, committed 60208K, reserved 1101824K
  class space    used 7368K, capacity 8014K, committed 8064K, reserved 1048576K
}
Event: 12.827 GC heap before
{Heap before GC invocations=12 (full 0):
 garbage-first heap   total 196608K, used 120452K [0x0000000080000000, 0x0000000100000000)
  region size 1024K, 59 young (60416K), 2 survivors (2048K)
 Metaspace       used 64356K, capacity 66026K, committed 66228K, reserved 1107968K
  class space    used 8080K, capacity 8731K, committed 8832K, reserved 1048576K
}
Event: 12.841 GC heap after
{Heap after GC invocations=13 (full 0):
 garbage-first heap   total 196608K, used 58864K [0x0000000080000000, 0x0000000100000000)
  region size 1024K, 6 young (6144K), 6 survivors (6144K)
 Metaspace       used 64356K, capacity 66026K, committed 66228K, reserved 1107968K
  class space    used 8080K, capacity 8731K, committed 8832K, reserved 1048576K
}
Event: 14.246 GC heap before
{Heap before GC invocations=14 (full 0):
 garbage-first heap   total 196608K, used 121328K [0x0000000080000000, 0x0000000100000000)
  region size 1024K, 66 young (67584K), 6 survivors (6144K)
 Metaspace       used 69470K, capacity 71192K, committed 71476K, reserved 1112064K
  class space    used 8751K, capacity 9418K, committed 9472K, reserved 1048576K
}
Event: 14.256 GC heap after
{Heap after GC invocations=15 (full 0):
 garbage-first heap   total 196608K, used 62381K [0x0000000080000000, 0x0000000100000000)
  region size 1024K, 4 young (4096K), 4 survivors (4096K)
 Metaspace       used 69470K, capacity 71192K, committed 71476K, reserved 1112064K
  class space    used 8751K, capacity 9418K, committed 9472K, reserved 1048576K
}
Event: 15.304 GC heap before
{Heap before GC invocations=15 (full 0):
 garbage-first heap   total 196608K, used 126893K [0x0000000080000000, 0x0000000100000000)
  region size 1024K, 67 young (68608K), 4 survivors (4096K)
 Metaspace       used 71292K, capacity 73042K, committed 73268K, reserved 1114112K
  class space    used 8987K, capacity 9692K, committed 9728K, reserved 1048576K
}
Event: 15.311 GC heap after
{Heap after GC invocations=16 (full 0):
 garbage-first heap   total 196608K, used 66332K [0x0000000080000000, 0x0000000100000000)
  region size 1024K, 8 young (8192K), 8 survivors (8192K)
 Metaspace       used 71292K, capacity 73042K, committed 73268K, reserved 1114112K
  class space    used 8987K, capacity 9692K, committed 9728K, reserved 1048576K
}
Event: 17.321 GC heap before
{Heap before GC invocations=16 (full 0):
 garbage-first heap   total 196608K, used 132892K [0x0000000080000000, 0x0000000100000000)
  region size 1024K, 73 young (74752K), 8 survivors (8192K)
 Metaspace       used 77649K, capacity 79442K, committed 79668K, reserved 1118208K
  class space    used 10031K, capacity 10750K, committed 10752K, reserved 1048576K
}
Event: 17.335 GC heap after
{Heap after GC invocations=17 (full 0):
 garbage-first heap   total 196608K, used 69084K [0x0000000080000000, 0x0000000100000000)
  region size 1024K, 7 young (7168K), 7 survivors (7168K)
 Metaspace       used 77649K, capacity 79442K, committed 79668K, reserved 1118208K
  class space    used 10031K, capacity 10750K, committed 10752K, reserved 1048576K
}
Event: 19.075 GC heap before
{Heap before GC invocations=17 (full 0):
 garbage-first heap   total 196608K, used 138716K [0x0000000080000000, 0x0000000100000000)
  region size 1024K, 75 young (76800K), 7 survivors (7168K)
 Metaspace       used 82235K, capacity 84070K, committed 84148K, reserved 1122304K
  class space    used 10643K, capacity 11368K, committed 11392K, reserved 1048576K
}
Event: 19.091 GC heap after
{Heap after GC invocations=18 (full 0):
 garbage-first heap   total 196608K, used 72652K [0x0000000080000000, 0x0000000100000000)
  region size 1024K, 7 young (7168K), 7 survivors (7168K)
 Metaspace       used 82235K, capacity 84070K, committed 84148K, reserved 1122304K
  class space    used 10643K, capacity 11368K, committed 11392K, reserved 1048576K
}
Event: 22.415 GC heap before
{Heap before GC invocations=18 (full 0):
 garbage-first heap   total 196608K, used 142284K [0x0000000080000000, 0x0000000100000000)
  region size 1024K, 75 young (76800K), 7 survivors (7168K)
 Metaspace       used 86825K, capacity 88865K, committed 89012K, reserved 1126400K
  class space    used 11328K, capacity 12133K, committed 12160K, reserved 1048576K
}
Event: 22.428 GC heap after
{Heap after GC invocations=19 (full 0):
 garbage-first heap   total 196608K, used 76631K [0x0000000080000000, 0x0000000100000000)
  region size 1024K, 8 young (8192K), 8 survivors (8192K)
 Metaspace       used 86825K, capacity 88865K, committed 89012K, reserved 1126400K
  class space    used 11328K, capacity 12133K, committed 12160K, reserved 1048576K
}
Event: 23.763 GC heap before
{Heap before GC invocations=19 (full 0):
 garbage-first heap   total 196608K, used 147287K [0x0000000080000000, 0x0000000100000000)
  region size 1024K, 77 young (78848K), 8 survivors (8192K)
 Metaspace       used 91583K, capacity 93739K, committed 94004K, reserved 1130496K
  class space    used 11898K, capacity 12757K, committed 12800K, reserved 1048576K
}
Event: 23.779 GC heap after
{Heap after GC invocations=20 (full 0):
 garbage-first heap   total 196608K, used 82944K [0x0000000080000000, 0x0000000100000000)
  region size 1024K, 10 young (10240K), 10 survivors (10240K)
 Metaspace       used 91583K, capacity 93739K, committed 94004K, reserved 1130496K
  class space    used 11898K, capacity 12757K, committed 12800K, reserved 1048576K
}
Event: 24.837 GC heap before
{Heap before GC invocations=20 (full 0):
 garbage-first heap   total 196608K, used 150528K [0x0000000080000000, 0x0000000100000000)
  region size 1024K, 77 young (78848K), 10 survivors (10240K)
 Metaspace       used 93772K, capacity 96138K, committed 96308K, reserved 1132544K
  class space    used 12099K, capacity 12993K, committed 13056K, reserved 1048576K
}
Event: 24.862 GC heap after
{Heap after GC invocations=21 (full 0):
 garbage-first heap   total 196608K, used 93095K [0x0000000080000000, 0x0000000100000000)
  region size 1024K, 10 young (10240K), 10 survivors (10240K)
 Metaspace       used 93772K, capacity 96138K, committed 96308K, reserved 1132544K
  class space    used 12099K, capacity 12993K, committed 13056K, reserved 1048576K
}

