# JRE version: OpenJDK Runtime Environment (11.0.15) (build 11.0.15+0-b2043.56-8887301)
# Java VM: OpenJDK 64-Bit Server VM (11.0.15+0-b2043.56-8887301, mixed mode, tiered, compressed oops, g1 gc, windows-amd64)
Heap:
 garbage-first heap   total 243712K, used 67975K [0x0000000740a00000, 0x0000000800000000)
  region size 1024K, 22 young (22528K), 8 survivors (8192K)
 Metaspace       used 62630K, capacity 63398K, committed 63616K, reserved 1105920K
  class space    used 7181K, capacity 7523K, committed 7552K, reserved 1048576K
GC Heap History (16 events):
Event: 0.338 GC heap before
{Heap before GC invocations=0 (full 0):
 garbage-first heap   total 196608K, used 18432K [0x0000000740a00000, 0x0000000800000000)
  region size 1024K, 14 young (14336K), 0 survivors (0K)
 Metaspace       used 9516K, capacity 9615K, committed 9856K, reserved 1058816K
  class space    used 785K, capacity 820K, committed 896K, reserved 1048576K
}
Event: 0.340 GC heap after
{Heap after GC invocations=1 (full 0):
 garbage-first heap   total 196608K, used 6434K [0x0000000740a00000, 0x0000000800000000)
  region size 1024K, 2 young (2048K), 2 survivors (2048K)
 Metaspace       used 9516K, capacity 9615K, committed 9856K, reserved 1058816K
  class space    used 785K, capacity 820K, committed 896K, reserved 1048576K
}
Event: 1.013 GC heap before
{Heap before GC invocations=1 (full 0):
 garbage-first heap   total 196608K, used 54562K [0x0000000740a00000, 0x0000000800000000)
  region size 1024K, 50 young (51200K), 2 survivors (2048K)
 Metaspace       used 20992K, capacity 21188K, committed 21248K, reserved 1069056K
  class space    used 2221K, capacity 2303K, committed 2304K, reserved 1048576K
}
Event: 1.022 GC heap after
{Heap after GC invocations=2 (full 0):
 garbage-first heap   total 196608K, used 10920K [0x0000000740a00000, 0x0000000800000000)
  region size 1024K, 7 young (7168K), 7 survivors (7168K)
 Metaspace       used 20992K, capacity 21188K, committed 21248K, reserved 1069056K
  class space    used 2221K, capacity 2303K, committed 2304K, reserved 1048576K
}
Event: 1.846 GC heap before
{Heap before GC invocations=3 (full 0):
 garbage-first heap   total 196608K, used 66216K [0x0000000740a00000, 0x0000000800000000)
  region size 1024K, 55 young (56320K), 7 survivors (7168K)
 Metaspace       used 30963K, capacity 31392K, committed 31488K, reserved 1077248K
  class space    used 3635K, capacity 3824K, committed 3840K, reserved 1048576K
}
Event: 1.859 GC heap after
{Heap after GC invocations=4 (full 0):
 garbage-first heap   total 196608K, used 24197K [0x0000000740a00000, 0x0000000800000000)
  region size 1024K, 7 young (7168K), 7 survivors (7168K)
 Metaspace       used 30963K, capacity 31392K, committed 31488K, reserved 1077248K
  class space    used 3635K, capacity 3824K, committed 3840K, reserved 1048576K
}
Event: 2.134 GC heap before
{Heap before GC invocations=4 (full 0):
 garbage-first heap   total 196608K, used 45701K [0x0000000740a00000, 0x0000000800000000)
  region size 1024K, 29 young (29696K), 7 survivors (7168K)
 Metaspace       used 35280K, capacity 35658K, committed 35840K, reserved 1081344K
  class space    used 4322K, capacity 4498K, committed 4608K, reserved 1048576K
}
Event: 2.153 GC heap after
{Heap after GC invocations=5 (full 0):
 garbage-first heap   total 196608K, used 27535K [0x0000000740a00000, 0x0000000800000000)
  region size 1024K, 4 young (4096K), 4 survivors (4096K)
 Metaspace       used 35280K, capacity 35658K, committed 35840K, reserved 1081344K
  class space    used 4322K, capacity 4498K, committed 4608K, reserved 1048576K
}
Event: 2.921 GC heap before
{Heap before GC invocations=6 (full 0):
 garbage-first heap   total 196608K, used 80783K [0x0000000740a00000, 0x0000000800000000)
  region size 1024K, 56 young (57344K), 4 survivors (4096K)
 Metaspace       used 46344K, capacity 46897K, committed 47232K, reserved 1091584K
  class space    used 5450K, capacity 5678K, committed 5760K, reserved 1048576K
}
Event: 2.929 GC heap after
{Heap after GC invocations=7 (full 0):
 garbage-first heap   total 196608K, used 30288K [0x0000000740a00000, 0x0000000800000000)
  region size 1024K, 7 young (7168K), 7 survivors (7168K)
 Metaspace       used 46344K, capacity 46897K, committed 47232K, reserved 1091584K
  class space    used 5450K, capacity 5678K, committed 5760K, reserved 1048576K
}
Event: 4.768 GC heap before
{Heap before GC invocations=7 (full 0):
 garbage-first heap   total 196608K, used 135760K [0x0000000740a00000, 0x0000000800000000)
  region size 1024K, 107 young (109568K), 7 survivors (7168K)
 Metaspace       used 54654K, capacity 55268K, committed 55424K, reserved 1097728K
  class space    used 6181K, capacity 6433K, committed 6528K, reserved 1048576K
}
Event: 4.789 GC heap after
{Heap after GC invocations=8 (full 0):
 garbage-first heap   total 243712K, used 46268K [0x0000000740a00000, 0x0000000800000000)
  region size 1024K, 14 young (14336K), 14 survivors (14336K)
 Metaspace       used 54654K, capacity 55268K, committed 55424K, reserved 1097728K
  class space    used 6181K, capacity 6433K, committed 6528K, reserved 1048576K
}
Event: 4.944 GC heap before
{Heap before GC invocations=8 (full 0):
 garbage-first heap   total 243712K, used 55484K [0x0000000740a00000, 0x0000000800000000)
  region size 1024K, 23 young (23552K), 14 survivors (14336K)
 Metaspace       used 54711K, capacity 55332K, committed 55680K, reserved 1097728K
  class space    used 6181K, capacity 6433K, committed 6528K, reserved 1048576K
}
Event: 4.960 GC heap after
{Heap after GC invocations=9 (full 0):
 garbage-first heap   total 243712K, used 49403K [0x0000000740a00000, 0x0000000800000000)
  region size 1024K, 3 young (3072K), 3 survivors (3072K)
 Metaspace       used 54711K, capacity 55332K, committed 55680K, reserved 1097728K
  class space    used 6181K, capacity 6433K, committed 6528K, reserved 1048576K
}
Event: 5.815 GC heap before
{Heap before GC invocations=9 (full 0):
 garbage-first heap   total 243712K, used 95483K [0x0000000740a00000, 0x0000000800000000)
  region size 1024K, 49 young (50176K), 3 survivors (3072K)
 Metaspace       used 59415K, capacity 60073K, committed 60160K, reserved 1101824K
  class space    used 6699K, capacity 6990K, committed 7040K, reserved 1048576K
}
Event: 5.827 GC heap after
{Heap after GC invocations=10 (full 0):
 garbage-first heap   total 243712K, used 54663K [0x0000000740a00000, 0x0000000800000000)
  region size 1024K, 8 young (8192K), 8 survivors (8192K)
 Metaspace       used 59415K, capacity 60073K, committed 60160K, reserved 1101824K
  class space    used 6699K, capacity 6990K, committed 7040K, reserved 1048576K
}

