# JRE version: OpenJDK Runtime Environment (11.0.15) (build 11.0.15+0-b2043.56-8887301)
# Java VM: OpenJDK 64-Bit Server VM (11.0.15+0-b2043.56-8887301, mixed mode, tiered, compressed oops, g1 gc, windows-amd64)
Heap:
 garbage-first heap   total 196608K, used 134757K [0x0000000080000000, 0x0000000100000000)
  region size 1024K, 78 young (79872K), 11 survivors (11264K)
 Metaspace       used 78749K, capacity 80713K, committed 81028K, reserved 1120256K
  class space    used 10198K, capacity 10972K, committed 11032K, reserved 1048576K
GC Heap History (18 events):
Event: 0.698 GC heap before
{Heap before GC invocations=0 (full 0):
 garbage-first heap   total 196608K, used 17408K [0x0000000080000000, 0x0000000100000000)
  region size 1024K, 14 young (14336K), 0 survivors (0K)
 Metaspace       used 6755K, capacity 6997K, committed 7168K, reserved 1056768K
  class space    used 571K, capacity 650K, committed 768K, reserved 1048576K
}
Event: 0.737 GC heap after
{Heap after GC invocations=1 (full 0):
 garbage-first heap   total 196608K, used 3808K [0x0000000080000000, 0x0000000100000000)
  region size 1024K, 2 young (2048K), 2 survivors (2048K)
 Metaspace       used 6755K, capacity 6997K, committed 7168K, reserved 1056768K
  class space    used 571K, capacity 650K, committed 768K, reserved 1048576K
}
Event: 2.811 GC heap before
{Heap before GC invocations=1 (full 0):
 garbage-first heap   total 196608K, used 115424K [0x0000000080000000, 0x0000000100000000)
  region size 1024K, 109 young (111616K), 2 survivors (2048K)
 Metaspace       used 20767K, capacity 21195K, committed 21296K, reserved 1069056K
  class space    used 2519K, capacity 2685K, committed 2688K, reserved 1048576K
}
Event: 2.819 GC heap after
{Heap after GC invocations=2 (full 0):
 garbage-first heap   total 196608K, used 17162K [0x0000000080000000, 0x0000000100000000)
  region size 1024K, 13 young (13312K), 13 survivors (13312K)
 Metaspace       used 20767K, capacity 21195K, committed 21296K, reserved 1069056K
  class space    used 2519K, capacity 2685K, committed 2688K, reserved 1048576K
}
Event: 3.051 GC heap before
{Heap before GC invocations=3 (full 0):
 garbage-first heap   total 196608K, used 35594K [0x0000000080000000, 0x0000000100000000)
  region size 1024K, 31 young (31744K), 13 survivors (13312K)
 Metaspace       used 22503K, capacity 22980K, committed 23292K, reserved 1069056K
  class space    used 2826K, capacity 3031K, committed 3148K, reserved 1048576K
}
Event: 3.058 GC heap after
{Heap after GC invocations=4 (full 0):
 garbage-first heap   total 196608K, used 17555K [0x0000000080000000, 0x0000000100000000)
  region size 1024K, 1 young (1024K), 1 survivors (1024K)
 Metaspace       used 22503K, capacity 22980K, committed 23292K, reserved 1069056K
  class space    used 2826K, capacity 3031K, committed 3148K, reserved 1048576K
}
Event: 4.700 GC heap before
{Heap before GC invocations=4 (full 0):
 garbage-first heap   total 196608K, used 120979K [0x0000000080000000, 0x0000000100000000)
  region size 1024K, 103 young (105472K), 1 survivors (1024K)
 Metaspace       used 35092K, capacity 35962K, committed 36048K, reserved 1081344K
  class space    used 4569K, capacity 4921K, committed 4940K, reserved 1048576K
}
Event: 4.711 GC heap after
{Heap after GC invocations=5 (full 0):
 garbage-first heap   total 196608K, used 22183K [0x0000000080000000, 0x0000000100000000)
  region size 1024K, 6 young (6144K), 6 survivors (6144K)
 Metaspace       used 35092K, capacity 35962K, committed 36048K, reserved 1081344K
  class space    used 4569K, capacity 4921K, committed 4940K, reserved 1048576K
}
Event: 6.162 GC heap before
{Heap before GC invocations=6 (full 0):
 garbage-first heap   total 196608K, used 136871K [0x0000000080000000, 0x0000000100000000)
  region size 1024K, 115 young (117760K), 6 survivors (6144K)
 Metaspace       used 45310K, capacity 46454K, committed 46620K, reserved 1089536K
  class space    used 5747K, capacity 6182K, committed 6296K, reserved 1048576K
}
Event: 6.183 GC heap after
{Heap after GC invocations=7 (full 0):
 garbage-first heap   total 196608K, used 29861K [0x0000000080000000, 0x0000000100000000)
  region size 1024K, 13 young (13312K), 13 survivors (13312K)
 Metaspace       used 45310K, capacity 46454K, committed 46620K, reserved 1089536K
  class space    used 5747K, capacity 6182K, committed 6296K, reserved 1048576K
}
Event: 7.709 GC heap before
{Heap before GC invocations=8 (full 0):
 garbage-first heap   total 196608K, used 142501K [0x0000000080000000, 0x0000000100000000)
  region size 1024K, 115 young (117760K), 13 survivors (13312K)
 Metaspace       used 51372K, capacity 52782K, committed 52892K, reserved 1095680K
  class space    used 6506K, capacity 7082K, committed 7192K, reserved 1048576K
}
Event: 7.725 GC heap after
{Heap after GC invocations=9 (full 0):
 garbage-first heap   total 196608K, used 48667K [0x0000000080000000, 0x0000000100000000)
  region size 1024K, 11 young (11264K), 11 survivors (11264K)
 Metaspace       used 51372K, capacity 52782K, committed 52892K, reserved 1095680K
  class space    used 6506K, capacity 7082K, committed 7192K, reserved 1048576K
}
Event: 9.793 GC heap before
{Heap before GC invocations=9 (full 0):
 garbage-first heap   total 196608K, used 158235K [0x0000000080000000, 0x0000000100000000)
  region size 1024K, 111 young (113664K), 11 survivors (11264K)
 Metaspace       used 63769K, capacity 65397K, committed 65436K, reserved 1105920K
  class space    used 8013K, capacity 8695K, committed 8728K, reserved 1048576K
}
Event: 9.805 GC heap after
{Heap after GC invocations=10 (full 0):
 garbage-first heap   total 196608K, used 56640K [0x0000000080000000, 0x0000000100000000)
  region size 1024K, 8 young (8192K), 8 survivors (8192K)
 Metaspace       used 63769K, capacity 65397K, committed 65436K, reserved 1105920K
  class space    used 8013K, capacity 8695K, committed 8728K, reserved 1048576K
}
Event: 11.054 GC heap before
{Heap before GC invocations=10 (full 0):
 garbage-first heap   total 196608K, used 152896K [0x0000000080000000, 0x0000000100000000)
  region size 1024K, 102 young (104448K), 8 survivors (8192K)
 Metaspace       used 69016K, capacity 70740K, committed 71068K, reserved 1112064K
  class space    used 8704K, capacity 9394K, committed 9496K, reserved 1048576K
}
Event: 11.066 GC heap after
{Heap after GC invocations=11 (full 0):
 garbage-first heap   total 196608K, used 62831K [0x0000000080000000, 0x0000000100000000)
  region size 1024K, 7 young (7168K), 7 survivors (7168K)
 Metaspace       used 69016K, capacity 70740K, committed 71068K, reserved 1112064K
  class space    used 8704K, capacity 9394K, committed 9496K, reserved 1048576K
}
Event: 12.267 GC heap before
{Heap before GC invocations=11 (full 0):
 garbage-first heap   total 196608K, used 144751K [0x0000000080000000, 0x0000000100000000)
  region size 1024K, 88 young (90112K), 7 survivors (7168K)
 Metaspace       used 75780K, capacity 77537K, committed 77700K, reserved 1116160K
  class space    used 9755K, capacity 10456K, committed 10520K, reserved 1048576K
}
Event: 12.285 GC heap after
{Heap after GC invocations=12 (full 0):
 garbage-first heap   total 196608K, used 67173K [0x0000000080000000, 0x0000000100000000)
  region size 1024K, 11 young (11264K), 11 survivors (11264K)
 Metaspace       used 75780K, capacity 77537K, committed 77700K, reserved 1116160K
  class space    used 9755K, capacity 10456K, committed 10520K, reserved 1048576K
}

