# JRE version: OpenJDK Runtime Environment (11.0.15) (build 11.0.15+0-b2043.56-8887301)
# Java VM: OpenJDK 64-Bit Server VM (11.0.15+0-b2043.56-8887301, mixed mode, tiered, compressed oops, g1 gc, windows-amd64)
Heap:
 garbage-first heap   total 342016K, used 211680K [0x0000000080000000, 0x0000000100000000)
  region size 1024K, 46 young (47104K), 6 survivors (6144K)
 Metaspace       used 139300K, capacity 143471K, committed 144208K, reserved 1175552K
  class space    used 17214K, capacity 18856K, committed 19148K, reserved 1048576K
GC Heap History (20 events):
Event: 151.783 GC heap before
{Heap before GC invocations=75 (full 0):
 garbage-first heap   total 284672K, used 163974K [0x0000000080000000, 0x0000000100000000)
  region size 1024K, 13 young (13312K), 10 survivors (10240K)
 Metaspace       used 138175K, capacity 142331K, committed 143056K, reserved 1173504K
  class space    used 17105K, capacity 18748K, committed 19020K, reserved 1048576K
}
Event: 151.796 GC heap after
{Heap after GC invocations=76 (full 0):
 garbage-first heap   total 284672K, used 159092K [0x0000000080000000, 0x0000000100000000)
  region size 1024K, 2 young (2048K), 2 survivors (2048K)
 Metaspace       used 138175K, capacity 142331K, committed 143056K, reserved 1173504K
  class space    used 17105K, capacity 18748K, committed 19020K, reserved 1048576K
}
Event: 152.165 GC heap before
{Heap before GC invocations=76 (full 0):
 garbage-first heap   total 284672K, used 224628K [0x0000000080000000, 0x0000000100000000)
  region size 1024K, 67 young (68608K), 2 survivors (2048K)
 Metaspace       used 138569K, capacity 142758K, committed 143440K, reserved 1173504K
  class space    used 17155K, capacity 18818K, committed 19148K, reserved 1048576K
}
Event: 152.177 GC heap after
{Heap after GC invocations=77 (full 0):
 garbage-first heap   total 284672K, used 163229K [0x0000000080000000, 0x0000000100000000)
  region size 1024K, 6 young (6144K), 6 survivors (6144K)
 Metaspace       used 138569K, capacity 142758K, committed 143440K, reserved 1173504K
  class space    used 17155K, capacity 18818K, committed 19148K, reserved 1048576K
}
Event: 152.547 GC heap before
{Heap before GC invocations=77 (full 0):
 garbage-first heap   total 284672K, used 229789K [0x0000000080000000, 0x0000000100000000)
  region size 1024K, 71 young (72704K), 6 survivors (6144K)
 Metaspace       used 138672K, capacity 142830K, committed 143696K, reserved 1173504K
  class space    used 17176K, capacity 18821K, committed 19148K, reserved 1048576K
}
Event: 152.558 GC heap after
{Heap after GC invocations=78 (full 0):
 garbage-first heap   total 284672K, used 169609K [0x0000000080000000, 0x0000000100000000)
  region size 1024K, 7 young (7168K), 7 survivors (7168K)
 Metaspace       used 138672K, capacity 142830K, committed 143696K, reserved 1173504K
  class space    used 17176K, capacity 18821K, committed 19148K, reserved 1048576K
}
Event: 152.854 GC heap before
{Heap before GC invocations=79 (full 0):
 garbage-first heap   total 284672K, used 232073K [0x0000000080000000, 0x0000000100000000)
  region size 1024K, 68 young (69632K), 7 survivors (7168K)
 Metaspace       used 138780K, capacity 142969K, committed 143696K, reserved 1173504K
  class space    used 17179K, capacity 18823K, committed 19148K, reserved 1048576K
}
Event: 152.867 GC heap after
{Heap after GC invocations=80 (full 0):
 garbage-first heap   total 284672K, used 174985K [0x0000000080000000, 0x0000000100000000)
  region size 1024K, 6 young (6144K), 6 survivors (6144K)
 Metaspace       used 138780K, capacity 142969K, committed 143696K, reserved 1173504K
  class space    used 17179K, capacity 18823K, committed 19148K, reserved 1048576K
}
Event: 152.897 GC heap before
{Heap before GC invocations=80 (full 0):
 garbage-first heap   total 284672K, used 182153K [0x0000000080000000, 0x0000000100000000)
  region size 1024K, 13 young (13312K), 6 survivors (6144K)
 Metaspace       used 138943K, capacity 143130K, committed 143952K, reserved 1173504K
  class space    used 17193K, capacity 18855K, committed 19148K, reserved 1048576K
}
Event: 152.911 GC heap after
{Heap after GC invocations=81 (full 0):
 garbage-first heap   total 284672K, used 170032K [0x0000000080000000, 0x0000000100000000)
  region size 1024K, 2 young (2048K), 2 survivors (2048K)
 Metaspace       used 138943K, capacity 143130K, committed 143952K, reserved 1173504K
  class space    used 17193K, capacity 18855K, committed 19148K, reserved 1048576K
}
Event: 153.189 GC heap before
{Heap before GC invocations=81 (full 0):
 garbage-first heap   total 284672K, used 232496K [0x0000000080000000, 0x0000000100000000)
  region size 1024K, 63 young (64512K), 2 survivors (2048K)
 Metaspace       used 139105K, capacity 143258K, committed 143952K, reserved 1173504K
  class space    used 17197K, capacity 18855K, committed 19148K, reserved 1048576K
}
Event: 153.200 GC heap after
{Heap after GC invocations=82 (full 0):
 garbage-first heap   total 284672K, used 171744K [0x0000000080000000, 0x0000000100000000)
  region size 1024K, 3 young (3072K), 3 survivors (3072K)
 Metaspace       used 139105K, capacity 143258K, committed 143952K, reserved 1173504K
  class space    used 17197K, capacity 18855K, committed 19148K, reserved 1048576K
}
Event: 153.564 GC heap before
{Heap before GC invocations=82 (full 0):
 garbage-first heap   total 284672K, used 233414K [0x0000000080000000, 0x0000000100000000)
  region size 1024K, 65 young (66560K), 3 survivors (3072K)
 Metaspace       used 139153K, capacity 143394K, committed 144208K, reserved 1175552K
  class space    used 17200K, capacity 18856K, committed 19148K, reserved 1048576K
}
Event: 153.572 GC heap after
{Heap after GC invocations=83 (full 0):
 garbage-first heap   total 284672K, used 175349K [0x0000000080000000, 0x0000000100000000)
  region size 1024K, 8 young (8192K), 8 survivors (8192K)
 Metaspace       used 139153K, capacity 143394K, committed 144208K, reserved 1175552K
  class space    used 17200K, capacity 18856K, committed 19148K, reserved 1048576K
}
Event: 153.849 GC heap before
{Heap before GC invocations=84 (full 0):
 garbage-first heap   total 284672K, used 237813K [0x0000000080000000, 0x0000000100000000)
  region size 1024K, 69 young (70656K), 8 survivors (8192K)
 Metaspace       used 139240K, capacity 143461K, committed 144208K, reserved 1175552K
  class space    used 17214K, capacity 18856K, committed 19148K, reserved 1048576K
}
Event: 153.861 GC heap after
{Heap after GC invocations=85 (full 0):
 garbage-first heap   total 284672K, used 174825K [0x0000000080000000, 0x0000000100000000)
  region size 1024K, 4 young (4096K), 4 survivors (4096K)
 Metaspace       used 139240K, capacity 143461K, committed 144208K, reserved 1175552K
  class space    used 17214K, capacity 18856K, committed 19148K, reserved 1048576K
}
Event: 153.901 GC heap before
{Heap before GC invocations=85 (full 0):
 garbage-first heap   total 284672K, used 184041K [0x0000000080000000, 0x0000000100000000)
  region size 1024K, 13 young (13312K), 4 survivors (4096K)
 Metaspace       used 139248K, capacity 143462K, committed 144208K, reserved 1175552K
  class space    used 17214K, capacity 18856K, committed 19148K, reserved 1048576K
}
Event: 153.913 GC heap after
{Heap after GC invocations=86 (full 0):
 garbage-first heap   total 284672K, used 166700K [0x0000000080000000, 0x0000000100000000)
  region size 1024K, 1 young (1024K), 1 survivors (1024K)
 Metaspace       used 139248K, capacity 143462K, committed 144208K, reserved 1175552K
  class space    used 17214K, capacity 18856K, committed 19148K, reserved 1048576K
}
Event: 154.140 GC heap before
{Heap before GC invocations=86 (full 0):
 garbage-first heap   total 284672K, used 235308K [0x0000000080000000, 0x0000000100000000)
  region size 1024K, 68 young (69632K), 1 survivors (1024K)
 Metaspace       used 139288K, capacity 143471K, committed 144208K, reserved 1175552K
  class space    used 17214K, capacity 18856K, committed 19148K, reserved 1048576K
}
Event: 154.159 GC heap after
{Heap after GC invocations=87 (full 0):
 garbage-first heap   total 342016K, used 171744K [0x0000000080000000, 0x0000000100000000)
  region size 1024K, 6 young (6144K), 6 survivors (6144K)
 Metaspace       used 139288K, capacity 143471K, committed 144208K, reserved 1175552K
  class space    used 17214K, capacity 18856K, committed 19148K, reserved 1048576K
}

