# JRE version: OpenJDK Runtime Environment (11.0.15) (build 11.0.15+0-b2043.56-8887301)
# Java VM: OpenJDK 64-Bit Server VM (11.0.15+0-b2043.56-8887301, mixed mode, tiered, compressed oops, g1 gc, windows-amd64)
Heap:
 garbage-first heap   total 196608K, used 54081K [0x0000000080000000, 0x0000000100000000)
  region size 1024K, 9 young (9216K), 7 survivors (7168K)
 Metaspace       used 58885K, capacity 60393K, committed 60496K, reserved 1101824K
  class space    used 7407K, capacity 8023K, committed 8064K, reserved 1048576K
GC Heap History (14 events):
Event: 0.679 GC heap before
{Heap before GC invocations=0 (full 0):
 garbage-first heap   total 196608K, used 17408K [0x0000000080000000, 0x0000000100000000)
  region size 1024K, 14 young (14336K), 0 survivors (0K)
 Metaspace       used 6736K, capacity 6929K, committed 7168K, reserved 1056768K
  class space    used 571K, capacity 650K, committed 768K, reserved 1048576K
}
Event: 0.685 GC heap after
{Heap after GC invocations=1 (full 0):
 garbage-first heap   total 196608K, used 3758K [0x0000000080000000, 0x0000000100000000)
  region size 1024K, 2 young (2048K), 2 survivors (2048K)
 Metaspace       used 6736K, capacity 6929K, committed 7168K, reserved 1056768K
  class space    used 571K, capacity 650K, committed 768K, reserved 1048576K
}
Event: 3.129 GC heap before
{Heap before GC invocations=1 (full 0):
 garbage-first heap   total 196608K, used 116398K [0x0000000080000000, 0x0000000100000000)
  region size 1024K, 110 young (112640K), 2 survivors (2048K)
 Metaspace       used 20810K, capacity 21191K, committed 21296K, reserved 1069056K
  class space    used 2521K, capacity 2685K, committed 2688K, reserved 1048576K
}
Event: 3.137 GC heap after
{Heap after GC invocations=2 (full 0):
 garbage-first heap   total 196608K, used 17310K [0x0000000080000000, 0x0000000100000000)
  region size 1024K, 13 young (13312K), 13 survivors (13312K)
 Metaspace       used 20810K, capacity 21191K, committed 21296K, reserved 1069056K
  class space    used 2521K, capacity 2685K, committed 2688K, reserved 1048576K
}
Event: 4.015 GC heap before
{Heap before GC invocations=3 (full 0):
 garbage-first heap   total 196608K, used 45982K [0x0000000080000000, 0x0000000100000000)
  region size 1024K, 41 young (41984K), 13 survivors (13312K)
 Metaspace       used 23740K, capacity 24289K, committed 24368K, reserved 1071104K
  class space    used 2992K, capacity 3192K, committed 3200K, reserved 1048576K
}
Event: 4.023 GC heap after
{Heap after GC invocations=4 (full 0):
 garbage-first heap   total 196608K, used 18135K [0x0000000080000000, 0x0000000100000000)
  region size 1024K, 2 young (2048K), 2 survivors (2048K)
 Metaspace       used 23740K, capacity 24289K, committed 24368K, reserved 1071104K
  class space    used 2992K, capacity 3192K, committed 3200K, reserved 1048576K
}
Event: 6.547 GC heap before
{Heap before GC invocations=4 (full 0):
 garbage-first heap   total 196608K, used 110295K [0x0000000080000000, 0x0000000100000000)
  region size 1024K, 93 young (95232K), 2 survivors (2048K)
 Metaspace       used 34838K, capacity 35729K, committed 35888K, reserved 1081344K
  class space    used 4546K, capacity 4885K, committed 4992K, reserved 1048576K
}
Event: 6.564 GC heap after
{Heap after GC invocations=5 (full 0):
 garbage-first heap   total 196608K, used 21822K [0x0000000080000000, 0x0000000100000000)
  region size 1024K, 6 young (6144K), 6 survivors (6144K)
 Metaspace       used 34838K, capacity 35729K, committed 35888K, reserved 1081344K
  class space    used 4546K, capacity 4885K, committed 4992K, reserved 1048576K
}
Event: 8.818 GC heap before
{Heap before GC invocations=6 (full 0):
 garbage-first heap   total 196608K, used 135486K [0x0000000080000000, 0x0000000100000000)
  region size 1024K, 114 young (116736K), 6 survivors (6144K)
 Metaspace       used 45152K, capacity 46309K, committed 46512K, reserved 1089536K
  class space    used 5698K, capacity 6114K, committed 6144K, reserved 1048576K
}
Event: 8.831 GC heap after
{Heap after GC invocations=7 (full 0):
 garbage-first heap   total 196608K, used 30195K [0x0000000080000000, 0x0000000100000000)
  region size 1024K, 14 young (14336K), 14 survivors (14336K)
 Metaspace       used 45152K, capacity 46309K, committed 46512K, reserved 1089536K
  class space    used 5698K, capacity 6114K, committed 6144K, reserved 1048576K
}
Event: 11.427 GC heap before
{Heap before GC invocations=7 (full 0):
 garbage-first heap   total 196608K, used 141811K [0x0000000080000000, 0x0000000100000000)
  region size 1024K, 115 young (117760K), 14 survivors (14336K)
 Metaspace       used 50253K, capacity 51632K, committed 51888K, reserved 1093632K
  class space    used 6344K, capacity 6891K, committed 6912K, reserved 1048576K
}
Event: 11.443 GC heap after
{Heap after GC invocations=8 (full 0):
 garbage-first heap   total 196608K, used 46703K [0x0000000080000000, 0x0000000100000000)
  region size 1024K, 9 young (9216K), 9 survivors (9216K)
 Metaspace       used 50253K, capacity 51632K, committed 51888K, reserved 1093632K
  class space    used 6344K, capacity 6891K, committed 6912K, reserved 1048576K
}
Event: 13.192 GC heap before
{Heap before GC invocations=8 (full 0):
 garbage-first heap   total 196608K, used 117359K [0x0000000080000000, 0x0000000100000000)
  region size 1024K, 79 young (80896K), 9 survivors (9216K)
 Metaspace       used 58648K, capacity 60177K, committed 60240K, reserved 1101824K
  class space    used 7375K, capacity 8015K, committed 8064K, reserved 1048576K
}
Event: 13.207 GC heap after
{Heap after GC invocations=9 (full 0):
 garbage-first heap   total 196608K, used 53057K [0x0000000080000000, 0x0000000100000000)
  region size 1024K, 7 young (7168K), 7 survivors (7168K)
 Metaspace       used 58648K, capacity 60177K, committed 60240K, reserved 1101824K
  class space    used 7375K, capacity 8015K, committed 8064K, reserved 1048576K
}

