# JRE version: OpenJDK Runtime Environment (11.0.15) (build 11.0.15+0-b2043.56-8887301)
# Java VM: OpenJDK 64-Bit Server VM (11.0.15+0-b2043.56-8887301, mixed mode, tiered, compressed oops, g1 gc, windows-amd64)
Heap:
 garbage-first heap   total 284672K, used 219618K [0x0000000080000000, 0x0000000100000000)
  region size 1024K, 64 young (65536K), 2 survivors (2048K)
 Metaspace       used 135218K, capacity 141375K, committed 141520K, reserved 1171456K
  class space    used 16941K, capacity 19163K, committed 19276K, reserved 1048576K
GC Heap History (20 events):
Event: 870.367 GC heap before
{Heap before GC invocations=84 (full 0):
 garbage-first heap   total 284672K, used 169876K [0x0000000080000000, 0x0000000100000000)
  region size 1024K, 13 young (13312K), 8 survivors (8192K)
 Metaspace       used 132372K, capacity 137383K, committed 137680K, reserved 1169408K
  class space    used 16551K, capacity 18445K, committed 18508K, reserved 1048576K
}
Event: 870.382 GC heap after
{Heap after GC invocations=85 (full 0):
 garbage-first heap   total 284672K, used 158128K [0x0000000080000000, 0x0000000100000000)
  region size 1024K, 2 young (2048K), 2 survivors (2048K)
 Metaspace       used 132372K, capacity 137383K, committed 137680K, reserved 1169408K
  class space    used 16551K, capacity 18445K, committed 18508K, reserved 1048576K
}
Event: 871.891 GC heap before
{Heap before GC invocations=85 (full 0):
 garbage-first heap   total 284672K, used 232880K [0x0000000080000000, 0x0000000100000000)
  region size 1024K, 76 young (77824K), 2 survivors (2048K)
 Metaspace       used 132481K, capacity 137533K, committed 137680K, reserved 1169408K
  class space    used 16566K, capacity 18472K, committed 18508K, reserved 1048576K
}
Event: 871.900 GC heap after
{Heap after GC invocations=86 (full 0):
 garbage-first heap   total 284672K, used 161095K [0x0000000080000000, 0x0000000100000000)
  region size 1024K, 5 young (5120K), 5 survivors (5120K)
 Metaspace       used 132481K, capacity 137533K, committed 137680K, reserved 1169408K
  class space    used 16566K, capacity 18472K, committed 18508K, reserved 1048576K
}
Event: 972.048 GC heap before
{Heap before GC invocations=87 (full 0):
 garbage-first heap   total 284672K, used 259399K [0x0000000080000000, 0x0000000100000000)
  region size 1024K, 79 young (80896K), 5 survivors (5120K)
 Metaspace       used 134355K, capacity 140281K, committed 140624K, reserved 1171456K
  class space    used 16878K, capacity 19050K, committed 19148K, reserved 1048576K
}
Event: 972.072 GC heap after
{Heap after GC invocations=88 (full 0):
 garbage-first heap   total 284672K, used 168258K [0x0000000080000000, 0x0000000100000000)
  region size 1024K, 10 young (10240K), 10 survivors (10240K)
 Metaspace       used 134355K, capacity 140281K, committed 140624K, reserved 1171456K
  class space    used 16878K, capacity 19050K, committed 19148K, reserved 1048576K
}
Event: 972.082 GC heap before
{Heap before GC invocations=88 (full 0):
 garbage-first heap   total 284672K, used 171330K [0x0000000080000000, 0x0000000100000000)
  region size 1024K, 13 young (13312K), 10 survivors (10240K)
 Metaspace       used 134355K, capacity 140281K, committed 140624K, reserved 1171456K
  class space    used 16878K, capacity 19050K, committed 19148K, reserved 1048576K
}
Event: 972.106 GC heap after
{Heap after GC invocations=89 (full 0):
 garbage-first heap   total 284672K, used 160503K [0x0000000080000000, 0x0000000100000000)
  region size 1024K, 2 young (2048K), 2 survivors (2048K)
 Metaspace       used 134355K, capacity 140281K, committed 140624K, reserved 1171456K
  class space    used 16878K, capacity 19050K, committed 19148K, reserved 1048576K
}
Event: 973.568 GC heap before
{Heap before GC invocations=89 (full 0):
 garbage-first heap   total 284672K, used 234231K [0x0000000080000000, 0x0000000100000000)
  region size 1024K, 75 young (76800K), 2 survivors (2048K)
 Metaspace       used 134569K, capacity 140655K, committed 140880K, reserved 1171456K
  class space    used 16907K, capacity 19103K, committed 19148K, reserved 1048576K
}
Event: 973.582 GC heap after
{Heap after GC invocations=90 (full 0):
 garbage-first heap   total 284672K, used 163727K [0x0000000080000000, 0x0000000100000000)
  region size 1024K, 6 young (6144K), 6 survivors (6144K)
 Metaspace       used 134569K, capacity 140655K, committed 140880K, reserved 1171456K
  class space    used 16907K, capacity 19103K, committed 19148K, reserved 1048576K
}
Event: 991.448 GC heap before
{Heap before GC invocations=91 (full 0):
 garbage-first heap   total 284672K, used 259983K [0x0000000080000000, 0x0000000100000000)
  region size 1024K, 77 young (78848K), 6 survivors (6144K)
 Metaspace       used 134864K, capacity 140853K, committed 141136K, reserved 1171456K
  class space    used 16917K, capacity 19119K, committed 19148K, reserved 1048576K
}
Event: 991.462 GC heap after
{Heap after GC invocations=92 (full 0):
 garbage-first heap   total 284672K, used 169567K [0x0000000080000000, 0x0000000100000000)
  region size 1024K, 10 young (10240K), 10 survivors (10240K)
 Metaspace       used 134864K, capacity 140853K, committed 141136K, reserved 1171456K
  class space    used 16917K, capacity 19119K, committed 19148K, reserved 1048576K
}
Event: 991.493 GC heap before
{Heap before GC invocations=92 (full 0):
 garbage-first heap   total 284672K, used 172639K [0x0000000080000000, 0x0000000100000000)
  region size 1024K, 13 young (13312K), 10 survivors (10240K)
 Metaspace       used 134864K, capacity 140853K, committed 141136K, reserved 1171456K
  class space    used 16917K, capacity 19119K, committed 19148K, reserved 1048576K
}
Event: 991.509 GC heap after
{Heap after GC invocations=93 (full 0):
 garbage-first heap   total 284672K, used 156605K [0x0000000080000000, 0x0000000100000000)
  region size 1024K, 2 young (2048K), 2 survivors (2048K)
 Metaspace       used 134864K, capacity 140853K, committed 141136K, reserved 1171456K
  class space    used 16917K, capacity 19119K, committed 19148K, reserved 1048576K
}
Event: 993.007 GC heap before
{Heap before GC invocations=93 (full 0):
 garbage-first heap   total 284672K, used 232381K [0x0000000080000000, 0x0000000100000000)
  region size 1024K, 77 young (78848K), 2 survivors (2048K)
 Metaspace       used 135003K, capacity 141094K, committed 141264K, reserved 1171456K
  class space    used 16933K, capacity 19149K, committed 19276K, reserved 1048576K
}
Event: 993.026 GC heap after
{Heap after GC invocations=94 (full 0):
 garbage-first heap   total 284672K, used 161814K [0x0000000080000000, 0x0000000100000000)
  region size 1024K, 7 young (7168K), 7 survivors (7168K)
 Metaspace       used 135003K, capacity 141094K, committed 141264K, reserved 1171456K
  class space    used 16933K, capacity 19149K, committed 19276K, reserved 1048576K
}
Event: 1052.090 GC heap before
{Heap before GC invocations=95 (full 0):
 garbage-first heap   total 284672K, used 258070K [0x0000000080000000, 0x0000000100000000)
  region size 1024K, 79 young (80896K), 7 survivors (7168K)
 Metaspace       used 135192K, capacity 141374K, committed 141520K, reserved 1171456K
  class space    used 16941K, capacity 19163K, committed 19276K, reserved 1048576K
}
Event: 1052.107 GC heap after
{Heap after GC invocations=96 (full 0):
 garbage-first heap   total 284672K, used 169361K [0x0000000080000000, 0x0000000100000000)
  region size 1024K, 9 young (9216K), 9 survivors (9216K)
 Metaspace       used 135192K, capacity 141374K, committed 141520K, reserved 1171456K
  class space    used 16941K, capacity 19163K, committed 19276K, reserved 1048576K
}
Event: 1052.120 GC heap before
{Heap before GC invocations=96 (full 0):
 garbage-first heap   total 284672K, used 172433K [0x0000000080000000, 0x0000000100000000)
  region size 1024K, 13 young (13312K), 9 survivors (9216K)
 Metaspace       used 135192K, capacity 141374K, committed 141520K, reserved 1171456K
  class space    used 16941K, capacity 19163K, committed 19276K, reserved 1048576K
}
Event: 1052.133 GC heap after
{Heap after GC invocations=97 (full 0):
 garbage-first heap   total 284672K, used 158178K [0x0000000080000000, 0x0000000100000000)
  region size 1024K, 2 young (2048K), 2 survivors (2048K)
 Metaspace       used 135192K, capacity 141374K, committed 141520K, reserved 1171456K
  class space    used 16941K, capacity 19163K, committed 19276K, reserved 1048576K
}

