# JRE version: OpenJDK Runtime Environment (11.0.15) (build 11.0.15+0-b2043.56-8887301)
# Java VM: OpenJDK 64-Bit Server VM (11.0.15+0-b2043.56-8887301, mixed mode, tiered, compressed oops, g1 gc, windows-amd64)
Heap:
 garbage-first heap   total 196608K, used 107520K [0x0000000080000000, 0x0000000100000000)
  region size 1024K, 48 young (49152K), 6 survivors (6144K)
 Metaspace       used 75541K, capacity 77448K, committed 77660K, reserved 1116160K
  class space    used 9733K, capacity 10454K, committed 10520K, reserved 1048576K
GC Heap History (20 events):
Event: 0.432 GC heap before
{Heap before GC invocations=0 (full 0):
 garbage-first heap   total 196608K, used 17408K [0x0000000080000000, 0x0000000100000000)
  region size 1024K, 14 young (14336K), 0 survivors (0K)
 Metaspace       used 6731K, capacity 6925K, committed 7168K, reserved 1056768K
  class space    used 571K, capacity 650K, committed 768K, reserved 1048576K
}
Event: 0.435 GC heap after
{Heap after GC invocations=1 (full 0):
 garbage-first heap   total 196608K, used 4082K [0x0000000080000000, 0x0000000100000000)
  region size 1024K, 2 young (2048K), 2 survivors (2048K)
 Metaspace       used 6731K, capacity 6925K, committed 7168K, reserved 1056768K
  class space    used 571K, capacity 650K, committed 768K, reserved 1048576K
}
Event: 2.141 GC heap before
{Heap before GC invocations=1 (full 0):
 garbage-first heap   total 196608K, used 108530K [0x0000000080000000, 0x0000000100000000)
  region size 1024K, 101 young (103424K), 2 survivors (2048K)
 Metaspace       used 20231K, capacity 20625K, committed 20864K, reserved 1067008K
  class space    used 2432K, capacity 2584K, committed 2688K, reserved 1048576K
}
Event: 2.148 GC heap after
{Heap after GC invocations=2 (full 0):
 garbage-first heap   total 196608K, used 17005K [0x0000000080000000, 0x0000000100000000)
  region size 1024K, 12 young (12288K), 12 survivors (12288K)
 Metaspace       used 20231K, capacity 20625K, committed 20864K, reserved 1067008K
  class space    used 2432K, capacity 2584K, committed 2688K, reserved 1048576K
}
Event: 2.209 GC heap before
{Heap before GC invocations=2 (full 0):
 garbage-first heap   total 196608K, used 24173K [0x0000000080000000, 0x0000000100000000)
  region size 1024K, 20 young (20480K), 12 survivors (12288K)
 Metaspace       used 20762K, capacity 21187K, committed 21296K, reserved 1069056K
  class space    used 2521K, capacity 2685K, committed 2688K, reserved 1048576K
}
Event: 2.216 GC heap after
{Heap after GC invocations=3 (full 0):
 garbage-first heap   total 196608K, used 17417K [0x0000000080000000, 0x0000000100000000)
  region size 1024K, 1 young (1024K), 1 survivors (1024K)
 Metaspace       used 20762K, capacity 21187K, committed 21296K, reserved 1069056K
  class space    used 2521K, capacity 2685K, committed 2688K, reserved 1048576K
}
Event: 3.136 GC heap before
{Heap before GC invocations=4 (full 0):
 garbage-first heap   total 196608K, used 70665K [0x0000000080000000, 0x0000000100000000)
  region size 1024K, 53 young (54272K), 1 survivors (1024K)
 Metaspace       used 26471K, capacity 27090K, committed 27260K, reserved 1073152K
  class space    used 3451K, capacity 3688K, committed 3788K, reserved 1048576K
}
Event: 3.141 GC heap after
{Heap after GC invocations=5 (full 0):
 garbage-first heap   total 196608K, used 19049K [0x0000000080000000, 0x0000000100000000)
  region size 1024K, 3 young (3072K), 3 survivors (3072K)
 Metaspace       used 26471K, capacity 27090K, committed 27260K, reserved 1073152K
  class space    used 3451K, capacity 3688K, committed 3788K, reserved 1048576K
}
Event: 5.314 GC heap before
{Heap before GC invocations=5 (full 0):
 garbage-first heap   total 196608K, used 86633K [0x0000000080000000, 0x0000000100000000)
  region size 1024K, 70 young (71680K), 3 survivors (3072K)
 Metaspace       used 35085K, capacity 35953K, committed 36048K, reserved 1081344K
  class space    used 4568K, capacity 4921K, committed 4940K, reserved 1048576K
}
Event: 5.326 GC heap after
{Heap after GC invocations=6 (full 0):
 garbage-first heap   total 196608K, used 22536K [0x0000000080000000, 0x0000000100000000)
  region size 1024K, 6 young (6144K), 6 survivors (6144K)
 Metaspace       used 35085K, capacity 35953K, committed 36048K, reserved 1081344K
  class space    used 4568K, capacity 4921K, committed 4940K, reserved 1048576K
}
Event: 8.953 GC heap before
{Heap before GC invocations=7 (full 0):
 garbage-first heap   total 196608K, used 121864K [0x0000000080000000, 0x0000000100000000)
  region size 1024K, 100 young (102400K), 6 survivors (6144K)
 Metaspace       used 43737K, capacity 44802K, committed 45084K, reserved 1089536K
  class space    used 5614K, capacity 6000K, committed 6040K, reserved 1048576K
}
Event: 8.968 GC heap after
{Heap after GC invocations=8 (full 0):
 garbage-first heap   total 196608K, used 29385K [0x0000000080000000, 0x0000000100000000)
  region size 1024K, 13 young (13312K), 13 survivors (13312K)
 Metaspace       used 43737K, capacity 44802K, committed 45084K, reserved 1089536K
  class space    used 5614K, capacity 6000K, committed 6040K, reserved 1048576K
}
Event: 11.297 GC heap before
{Heap before GC invocations=8 (full 0):
 garbage-first heap   total 196608K, used 126665K [0x0000000080000000, 0x0000000100000000)
  region size 1024K, 108 young (110592K), 13 survivors (13312K)
 Metaspace       used 49533K, capacity 50850K, committed 51100K, reserved 1093632K
  class space    used 6280K, capacity 6817K, committed 6936K, reserved 1048576K
}
Event: 11.327 GC heap after
{Heap after GC invocations=9 (full 0):
 garbage-first heap   total 196608K, used 34011K [0x0000000080000000, 0x0000000100000000)
  region size 1024K, 5 young (5120K), 5 survivors (5120K)
 Metaspace       used 49533K, capacity 50850K, committed 51100K, reserved 1093632K
  class space    used 6280K, capacity 6817K, committed 6936K, reserved 1048576K
}
Event: 13.556 GC heap before
{Heap before GC invocations=9 (full 0):
 garbage-first heap   total 196608K, used 132315K [0x0000000080000000, 0x0000000100000000)
  region size 1024K, 94 young (96256K), 5 survivors (5120K)
 Metaspace       used 58950K, capacity 60520K, committed 60636K, reserved 1101824K
  class space    used 7418K, capacity 8023K, committed 8088K, reserved 1048576K
}
Event: 13.569 GC heap after
{Heap after GC invocations=10 (full 0):
 garbage-first heap   total 196608K, used 52059K [0x0000000080000000, 0x0000000100000000)
  region size 1024K, 13 young (13312K), 13 survivors (13312K)
 Metaspace       used 58950K, capacity 60520K, committed 60636K, reserved 1101824K
  class space    used 7418K, capacity 8023K, committed 8088K, reserved 1048576K
}
Event: 14.869 GC heap before
{Heap before GC invocations=11 (full 0):
 garbage-first heap   total 196608K, used 150363K [0x0000000080000000, 0x0000000100000000)
  region size 1024K, 101 young (103424K), 13 survivors (13312K)
 Metaspace       used 67077K, capacity 68833K, committed 69212K, reserved 1110016K
  class space    used 8431K, capacity 9110K, committed 9240K, reserved 1048576K
}
Event: 14.886 GC heap after
{Heap after GC invocations=12 (full 0):
 garbage-first heap   total 196608K, used 59670K [0x0000000080000000, 0x0000000100000000)
  region size 1024K, 8 young (8192K), 8 survivors (8192K)
 Metaspace       used 67077K, capacity 68833K, committed 69212K, reserved 1110016K
  class space    used 8431K, capacity 9110K, committed 9240K, reserved 1048576K
}
Event: 16.382 GC heap before
{Heap before GC invocations=13 (full 0):
 garbage-first heap   total 196608K, used 145686K [0x0000000080000000, 0x0000000100000000)
  region size 1024K, 92 young (94208K), 8 survivors (8192K)
 Metaspace       used 70574K, capacity 72395K, committed 72668K, reserved 1112064K
  class space    used 8884K, capacity 9564K, committed 9624K, reserved 1048576K
}
Event: 16.397 GC heap after
{Heap after GC invocations=14 (full 0):
 garbage-first heap   total 196608K, used 65536K [0x0000000080000000, 0x0000000100000000)
  region size 1024K, 6 young (6144K), 6 survivors (6144K)
 Metaspace       used 70574K, capacity 72395K, committed 72668K, reserved 1112064K
  class space    used 8884K, capacity 9564K, committed 9624K, reserved 1048576K
}

