# JRE version: OpenJDK Runtime Environment (11.0.15) (build 11.0.15+0-b2043.56-8887301)
# Java VM: OpenJDK 64-Bit Server VM (11.0.15+0-b2043.56-8887301, mixed mode, tiered, compressed oops, g1 gc, windows-amd64)
Heap:
 garbage-first heap   total 306176K, used 219648K [0x0000000080000000, 0x0000000100000000)
  region size 1024K, 77 young (78848K), 7 survivors (7168K)
 Metaspace       used 124082K, capacity 127941K, committed 128080K, reserved 1159168K
  class space    used 16101K, capacity 17573K, committed 17636K, reserved 1048576K
GC Heap History (20 events):
Event: 9.798 GC heap before
{Heap before GC invocations=11 (full 0):
 garbage-first heap   total 236544K, used 171276K [0x0000000080000000, 0x0000000100000000)
  region size 1024K, 113 young (115712K), 5 survivors (5120K)
 Metaspace       used 75748K, capacity 77574K, committed 77700K, reserved 1116160K
  class space    used 9761K, capacity 10494K, committed 10520K, reserved 1048576K
}
Event: 9.817 GC heap after
{Heap after GC invocations=12 (full 0):
 garbage-first heap   total 236544K, used 67731K [0x0000000080000000, 0x0000000100000000)
  region size 1024K, 11 young (11264K), 11 survivors (11264K)
 Metaspace       used 75748K, capacity 77574K, committed 77700K, reserved 1116160K
  class space    used 9761K, capacity 10494K, committed 10520K, reserved 1048576K
}
Event: 11.195 GC heap before
{Heap before GC invocations=13 (full 0):
 garbage-first heap   total 236544K, used 181395K [0x0000000080000000, 0x0000000100000000)
  region size 1024K, 122 young (124928K), 11 survivors (11264K)
 Metaspace       used 82279K, capacity 84202K, committed 84304K, reserved 1122304K
  class space    used 10664K, capacity 11415K, committed 11492K, reserved 1048576K
}
Event: 11.310 GC heap after
{Heap after GC invocations=14 (full 0):
 garbage-first heap   total 236544K, used 73531K [0x0000000080000000, 0x0000000100000000)
  region size 1024K, 13 young (13312K), 13 survivors (13312K)
 Metaspace       used 82279K, capacity 84202K, committed 84304K, reserved 1122304K
  class space    used 10664K, capacity 11415K, committed 11492K, reserved 1048576K
}
Event: 13.142 GC heap before
{Heap before GC invocations=15 (full 0):
 garbage-first heap   total 236544K, used 185147K [0x0000000080000000, 0x0000000100000000)
  region size 1024K, 122 young (124928K), 13 survivors (13312K)
 Metaspace       used 91221K, capacity 93417K, committed 93520K, reserved 1130496K
  class space    used 11875K, capacity 12722K, committed 12772K, reserved 1048576K
}
Event: 13.165 GC heap after
{Heap after GC invocations=16 (full 0):
 garbage-first heap   total 236544K, used 81064K [0x0000000080000000, 0x0000000100000000)
  region size 1024K, 13 young (13312K), 13 survivors (13312K)
 Metaspace       used 91221K, capacity 93417K, committed 93520K, reserved 1130496K
  class space    used 11875K, capacity 12722K, committed 12772K, reserved 1048576K
}
Event: 14.098 GC heap before
{Heap before GC invocations=16 (full 0):
 garbage-first heap   total 236544K, used 186536K [0x0000000080000000, 0x0000000100000000)
  region size 1024K, 117 young (119808K), 13 survivors (13312K)
 Metaspace       used 95068K, capacity 97478K, committed 97616K, reserved 1134592K
  class space    used 12305K, capacity 13228K, committed 13284K, reserved 1048576K
}
Event: 14.122 GC heap after
{Heap after GC invocations=17 (full 0):
 garbage-first heap   total 236544K, used 94496K [0x0000000080000000, 0x0000000100000000)
  region size 1024K, 15 young (15360K), 15 survivors (15360K)
 Metaspace       used 95068K, capacity 97478K, committed 97616K, reserved 1134592K
  class space    used 12305K, capacity 13228K, committed 13284K, reserved 1048576K
}
Event: 15.318 GC heap before
{Heap before GC invocations=17 (full 0):
 garbage-first heap   total 236544K, used 185632K [0x0000000080000000, 0x0000000100000000)
  region size 1024K, 105 young (107520K), 15 survivors (15360K)
 Metaspace       used 96363K, capacity 98956K, committed 99024K, reserved 1134592K
  class space    used 12406K, capacity 13387K, committed 13412K, reserved 1048576K
}
Event: 15.345 GC heap after
{Heap after GC invocations=18 (full 0):
 garbage-first heap   total 306176K, used 104417K [0x0000000080000000, 0x0000000100000000)
  region size 1024K, 9 young (9216K), 9 survivors (9216K)
 Metaspace       used 96363K, capacity 98956K, committed 99024K, reserved 1134592K
  class space    used 12406K, capacity 13387K, committed 13412K, reserved 1048576K
}
Event: 16.878 GC heap before
{Heap before GC invocations=18 (full 0):
 garbage-first heap   total 306176K, used 218081K [0x0000000080000000, 0x0000000100000000)
  region size 1024K, 121 young (123904K), 9 survivors (9216K)
 Metaspace       used 96880K, capacity 99517K, committed 99664K, reserved 1136640K
  class space    used 12451K, capacity 13448K, committed 13540K, reserved 1048576K
}
Event: 16.892 GC heap after
{Heap after GC invocations=19 (full 0):
 garbage-first heap   total 306176K, used 110049K [0x0000000080000000, 0x0000000100000000)
  region size 1024K, 14 young (14336K), 14 survivors (14336K)
 Metaspace       used 96880K, capacity 99517K, committed 99664K, reserved 1136640K
  class space    used 12451K, capacity 13448K, committed 13540K, reserved 1048576K
}
Event: 18.092 GC heap before
{Heap before GC invocations=19 (full 0):
 garbage-first heap   total 306176K, used 227809K [0x0000000080000000, 0x0000000100000000)
  region size 1024K, 130 young (133120K), 14 survivors (14336K)
 Metaspace       used 99726K, capacity 102406K, committed 102480K, reserved 1138688K
  class space    used 12791K, capacity 13796K, committed 13796K, reserved 1048576K
}
Event: 18.113 GC heap after
{Heap after GC invocations=20 (full 0):
 garbage-first heap   total 306176K, used 118107K [0x0000000080000000, 0x0000000100000000)
  region size 1024K, 15 young (15360K), 15 survivors (15360K)
 Metaspace       used 99726K, capacity 102406K, committed 102480K, reserved 1138688K
  class space    used 12791K, capacity 13796K, committed 13796K, reserved 1048576K
}
Event: 19.166 GC heap before
{Heap before GC invocations=20 (full 0):
 garbage-first heap   total 306176K, used 233819K [0x0000000080000000, 0x0000000100000000)
  region size 1024K, 129 young (132096K), 15 survivors (15360K)
 Metaspace       used 100941K, capacity 103645K, committed 103760K, reserved 1138688K
  class space    used 12959K, capacity 13969K, committed 14052K, reserved 1048576K
}
Event: 19.189 GC heap after
{Heap after GC invocations=21 (full 0):
 garbage-first heap   total 306176K, used 123254K [0x0000000080000000, 0x0000000100000000)
  region size 1024K, 14 young (14336K), 14 survivors (14336K)
 Metaspace       used 100941K, capacity 103645K, committed 103760K, reserved 1138688K
  class space    used 12959K, capacity 13969K, committed 14052K, reserved 1048576K
}
Event: 27.878 GC heap before
{Heap before GC invocations=21 (full 0):
 garbage-first heap   total 306176K, used 238966K [0x0000000080000000, 0x0000000100000000)
  region size 1024K, 128 young (131072K), 14 survivors (14336K)
 Metaspace       used 103416K, capacity 106318K, committed 106448K, reserved 1140736K
  class space    used 13322K, capacity 14406K, committed 14436K, reserved 1048576K
}
Event: 27.903 GC heap after
{Heap after GC invocations=22 (full 0):
 garbage-first heap   total 306176K, used 133756K [0x0000000080000000, 0x0000000100000000)
  region size 1024K, 16 young (16384K), 16 survivors (16384K)
 Metaspace       used 103416K, capacity 106318K, committed 106448K, reserved 1140736K
  class space    used 13322K, capacity 14406K, committed 14436K, reserved 1048576K
}
Event: 30.157 GC heap before
{Heap before GC invocations=22 (full 0):
 garbage-first heap   total 306176K, used 248444K [0x0000000080000000, 0x0000000100000000)
  region size 1024K, 110 young (112640K), 16 survivors (16384K)
 Metaspace       used 119770K, capacity 123514K, committed 123600K, reserved 1155072K
  class space    used 15733K, capacity 17233K, committed 17252K, reserved 1048576K
}
Event: 30.194 GC heap after
{Heap after GC invocations=23 (full 0):
 garbage-first heap   total 306176K, used 146944K [0x0000000080000000, 0x0000000100000000)
  region size 1024K, 7 young (7168K), 7 survivors (7168K)
 Metaspace       used 119770K, capacity 123514K, committed 123600K, reserved 1155072K
  class space    used 15733K, capacity 17233K, committed 17252K, reserved 1048576K
}

