# JRE version: OpenJDK Runtime Environment (11.0.15) (build 11.0.15+0-b2043.56-8887301)
# Java VM: OpenJDK 64-Bit Server VM (11.0.15+0-b2043.56-8887301, mixed mode, tiered, compressed oops, g1 gc, windows-amd64)
Heap:
 garbage-first heap   total 254976K, used 209203K [0x0000000080000000, 0x0000000100000000)
  region size 1024K, 39 young (39936K), 3 survivors (3072K)
 Metaspace       used 96399K, capacity 99033K, committed 99236K, reserved 1134592K
  class space    used 12406K, capacity 13374K, committed 13388K, reserved 1048576K
GC Heap History (20 events):
Event: 15.989 GC heap before
{Heap before GC invocations=24 (full 0):
 garbage-first heap   total 211968K, used 183696K [0x0000000080000000, 0x0000000100000000)
  region size 1024K, 21 young (21504K), 6 survivors (6144K)
 Metaspace       used 83371K, capacity 85580K, committed 85668K, reserved 1124352K
  class space    used 10699K, capacity 11549K, committed 11596K, reserved 1048576K
}
Event: 15.996 GC heap after
{Heap after GC invocations=25 (full 0):
 garbage-first heap   total 211968K, used 169209K [0x0000000080000000, 0x0000000100000000)
  region size 1024K, 1 young (1024K), 1 survivors (1024K)
 Metaspace       used 83371K, capacity 85580K, committed 85668K, reserved 1124352K
  class space    used 10699K, capacity 11549K, committed 11596K, reserved 1048576K
}
Event: 16.099 GC heap before
{Heap before GC invocations=25 (full 0):
 garbage-first heap   total 211968K, used 184569K [0x0000000080000000, 0x0000000100000000)
  region size 1024K, 16 young (16384K), 1 survivors (1024K)
 Metaspace       used 83773K, capacity 86054K, committed 86308K, reserved 1124352K
  class space    used 10773K, capacity 11643K, committed 11724K, reserved 1048576K
}
Event: 16.102 GC heap after
{Heap after GC invocations=26 (full 0):
 garbage-first heap   total 211968K, used 169417K [0x0000000080000000, 0x0000000100000000)
  region size 1024K, 1 young (1024K), 1 survivors (1024K)
 Metaspace       used 83773K, capacity 86054K, committed 86308K, reserved 1124352K
  class space    used 10773K, capacity 11643K, committed 11724K, reserved 1048576K
}
Event: 16.187 GC heap before
{Heap before GC invocations=26 (full 0):
 garbage-first heap   total 211968K, used 184777K [0x0000000080000000, 0x0000000100000000)
  region size 1024K, 16 young (16384K), 1 survivors (1024K)
 Metaspace       used 84251K, capacity 86601K, committed 86948K, reserved 1124352K
  class space    used 10828K, capacity 11740K, committed 11852K, reserved 1048576K
}
Event: 16.189 GC heap after
{Heap after GC invocations=27 (full 0):
 garbage-first heap   total 211968K, used 169426K [0x0000000080000000, 0x0000000100000000)
  region size 1024K, 1 young (1024K), 1 survivors (1024K)
 Metaspace       used 84251K, capacity 86601K, committed 86948K, reserved 1124352K
  class space    used 10828K, capacity 11740K, committed 11852K, reserved 1048576K
}
Event: 16.227 GC heap before
{Heap before GC invocations=28 (full 0):
 garbage-first heap   total 211968K, used 184786K [0x0000000080000000, 0x0000000100000000)
  region size 1024K, 16 young (16384K), 1 survivors (1024K)
 Metaspace       used 84581K, capacity 86953K, committed 87204K, reserved 1124352K
  class space    used 10876K, capacity 11772K, committed 11852K, reserved 1048576K
}
Event: 16.230 GC heap after
{Heap after GC invocations=29 (full 0):
 garbage-first heap   total 211968K, used 169855K [0x0000000080000000, 0x0000000100000000)
  region size 1024K, 2 young (2048K), 2 survivors (2048K)
 Metaspace       used 84581K, capacity 86953K, committed 87204K, reserved 1124352K
  class space    used 10876K, capacity 11772K, committed 11852K, reserved 1048576K
}
Event: 16.314 GC heap before
{Heap before GC invocations=29 (full 0):
 garbage-first heap   total 211968K, used 184191K [0x0000000080000000, 0x0000000100000000)
  region size 1024K, 17 young (17408K), 2 survivors (2048K)
 Metaspace       used 84978K, capacity 87341K, committed 87588K, reserved 1124352K
  class space    used 10934K, capacity 11854K, committed 11980K, reserved 1048576K
}
Event: 16.318 GC heap after
{Heap after GC invocations=30 (full 0):
 garbage-first heap   total 211968K, used 170348K [0x0000000080000000, 0x0000000100000000)
  region size 1024K, 2 young (2048K), 2 survivors (2048K)
 Metaspace       used 84978K, capacity 87341K, committed 87588K, reserved 1124352K
  class space    used 10934K, capacity 11854K, committed 11980K, reserved 1048576K
}
Event: 16.521 GC heap before
{Heap before GC invocations=30 (full 0):
 garbage-first heap   total 211968K, used 185708K [0x0000000080000000, 0x0000000100000000)
  region size 1024K, 17 young (17408K), 2 survivors (2048K)
 Metaspace       used 85724K, capacity 88096K, committed 88356K, reserved 1126400K
  class space    used 11040K, capacity 11955K, committed 11980K, reserved 1048576K
}
Event: 16.526 GC heap after
{Heap after GC invocations=31 (full 0):
 garbage-first heap   total 211968K, used 171436K [0x0000000080000000, 0x0000000100000000)
  region size 1024K, 3 young (3072K), 3 survivors (3072K)
 Metaspace       used 85724K, capacity 88096K, committed 88356K, reserved 1126400K
  class space    used 11040K, capacity 11955K, committed 11980K, reserved 1048576K
}
Event: 16.579 GC heap before
{Heap before GC invocations=32 (full 0):
 garbage-first heap   total 211968K, used 184748K [0x0000000080000000, 0x0000000100000000)
  region size 1024K, 17 young (17408K), 3 survivors (3072K)
 Metaspace       used 86221K, capacity 88615K, committed 88740K, reserved 1126400K
  class space    used 11110K, capacity 12021K, committed 12108K, reserved 1048576K
}
Event: 16.585 GC heap after
{Heap after GC invocations=33 (full 0):
 garbage-first heap   total 254976K, used 171728K [0x0000000080000000, 0x0000000100000000)
  region size 1024K, 2 young (2048K), 2 survivors (2048K)
 Metaspace       used 86221K, capacity 88615K, committed 88740K, reserved 1126400K
  class space    used 11110K, capacity 12021K, committed 12108K, reserved 1048576K
}
Event: 16.610 GC heap before
{Heap before GC invocations=33 (full 0):
 garbage-first heap   total 254976K, used 176848K [0x0000000080000000, 0x0000000100000000)
  region size 1024K, 9 young (9216K), 2 survivors (2048K)
 Metaspace       used 86676K, capacity 89095K, committed 89252K, reserved 1126400K
  class space    used 11149K, capacity 12053K, committed 12108K, reserved 1048576K
}
Event: 16.614 GC heap after
{Heap after GC invocations=34 (full 0):
 garbage-first heap   total 254976K, used 172187K [0x0000000080000000, 0x0000000100000000)
  region size 1024K, 2 young (2048K), 2 survivors (2048K)
 Metaspace       used 86676K, capacity 89095K, committed 89252K, reserved 1126400K
  class space    used 11149K, capacity 12053K, committed 12108K, reserved 1048576K
}
Event: 16.878 GC heap before
{Heap before GC invocations=35 (full 0):
 garbage-first heap   total 254976K, used 207003K [0x0000000080000000, 0x0000000100000000)
  region size 1024K, 35 young (35840K), 2 survivors (2048K)
 Metaspace       used 89171K, capacity 91657K, committed 91812K, reserved 1128448K
  class space    used 11382K, capacity 12284K, committed 12364K, reserved 1048576K
}
Event: 16.881 GC heap after
{Heap after GC invocations=36 (full 0):
 garbage-first heap   total 254976K, used 171859K [0x0000000080000000, 0x0000000100000000)
  region size 1024K, 2 young (2048K), 2 survivors (2048K)
 Metaspace       used 89171K, capacity 91657K, committed 91812K, reserved 1128448K
  class space    used 11382K, capacity 12284K, committed 12364K, reserved 1048576K
}
Event: 17.374 GC heap before
{Heap before GC invocations=36 (full 0):
 garbage-first heap   total 254976K, used 206675K [0x0000000080000000, 0x0000000100000000)
  region size 1024K, 36 young (36864K), 2 survivors (2048K)
 Metaspace       used 93697K, capacity 96211K, committed 96292K, reserved 1132544K
  class space    used 12017K, capacity 12959K, committed 13004K, reserved 1048576K
}
Event: 17.380 GC heap after
{Heap after GC invocations=37 (full 0):
 garbage-first heap   total 254976K, used 173363K [0x0000000080000000, 0x0000000100000000)
  region size 1024K, 3 young (3072K), 3 survivors (3072K)
 Metaspace       used 93697K, capacity 96211K, committed 96292K, reserved 1132544K
  class space    used 12017K, capacity 12959K, committed 13004K, reserved 1048576K
}

