# JRE version: OpenJDK Runtime Environment (11.0.15) (build 11.0.15+0-b2043.56-8887301)
# Java VM: OpenJDK 64-Bit Server VM (11.0.15+0-b2043.56-8887301, mixed mode, tiered, compressed oops, g1 gc, windows-amd64)
Heap:
 garbage-first heap   total 249856K, used 170361K [0x0000000080000000, 0x0000000100000000)
  region size 1024K, 12 young (12288K), 6 survivors (6144K)
 Metaspace       used 147323K, capacity 151705K, committed 152368K, reserved 1181696K
  class space    used 18400K, capacity 20158K, committed 20396K, reserved 1048576K
GC Heap History (20 events):
Event: 84.956 GC heap before
{Heap before GC invocations=50 (full 0):
 garbage-first heap   total 249856K, used 185464K [0x0000000080000000, 0x0000000100000000)
  region size 1024K, 12 young (12288K), 5 survivors (5120K)
 Metaspace       used 135327K, capacity 139308K, committed 139568K, reserved 1169408K
  class space    used 17250K, capacity 18827K, committed 18860K, reserved 1048576K
}
Event: 84.966 GC heap after
{Heap after GC invocations=51 (full 0):
 garbage-first heap   total 249856K, used 167374K [0x0000000080000000, 0x0000000100000000)
  region size 1024K, 1 young (1024K), 1 survivors (1024K)
 Metaspace       used 135327K, capacity 139308K, committed 139568K, reserved 1169408K
  class space    used 17250K, capacity 18827K, committed 18860K, reserved 1048576K
}
Event: 85.773 GC heap before
{Heap before GC invocations=51 (full 0):
 garbage-first heap   total 249856K, used 205262K [0x0000000080000000, 0x0000000100000000)
  region size 1024K, 38 young (38912K), 1 survivors (1024K)
 Metaspace       used 136922K, capacity 140987K, committed 141232K, reserved 1171456K
  class space    used 17378K, capacity 18968K, committed 18988K, reserved 1048576K
}
Event: 85.778 GC heap after
{Heap after GC invocations=52 (full 0):
 garbage-first heap   total 249856K, used 167531K [0x0000000080000000, 0x0000000100000000)
  region size 1024K, 1 young (1024K), 1 survivors (1024K)
 Metaspace       used 136922K, capacity 140987K, committed 141232K, reserved 1171456K
  class space    used 17378K, capacity 18968K, committed 18988K, reserved 1048576K
}
Event: 86.292 GC heap before
{Heap before GC invocations=52 (full 0):
 garbage-first heap   total 249856K, used 206443K [0x0000000080000000, 0x0000000100000000)
  region size 1024K, 40 young (40960K), 1 survivors (1024K)
 Metaspace       used 139298K, capacity 143698K, committed 143792K, reserved 1173504K
  class space    used 17698K, capacity 19417K, committed 19500K, reserved 1048576K
}
Event: 86.297 GC heap after
{Heap after GC invocations=53 (full 0):
 garbage-first heap   total 249856K, used 170114K [0x0000000080000000, 0x0000000100000000)
  region size 1024K, 4 young (4096K), 4 survivors (4096K)
 Metaspace       used 139298K, capacity 143698K, committed 143792K, reserved 1173504K
  class space    used 17698K, capacity 19417K, committed 19500K, reserved 1048576K
}
Event: 86.921 GC heap before
{Heap before GC invocations=53 (full 0):
 garbage-first heap   total 249856K, used 215170K [0x0000000080000000, 0x0000000100000000)
  region size 1024K, 42 young (43008K), 4 survivors (4096K)
 Metaspace       used 140482K, capacity 144919K, committed 145200K, reserved 1175552K
  class space    used 17830K, capacity 19583K, committed 19628K, reserved 1048576K
}
Event: 86.928 GC heap after
{Heap after GC invocations=54 (full 0):
 garbage-first heap   total 249856K, used 173001K [0x0000000080000000, 0x0000000100000000)
  region size 1024K, 4 young (4096K), 4 survivors (4096K)
 Metaspace       used 140482K, capacity 144919K, committed 145200K, reserved 1175552K
  class space    used 17830K, capacity 19583K, committed 19628K, reserved 1048576K
}
Event: 87.504 GC heap before
{Heap before GC invocations=54 (full 0):
 garbage-first heap   total 249856K, used 212937K [0x0000000080000000, 0x0000000100000000)
  region size 1024K, 41 young (41984K), 4 survivors (4096K)
 Metaspace       used 141187K, capacity 145657K, committed 145840K, reserved 1175552K
  class space    used 17961K, capacity 19710K, committed 19756K, reserved 1048576K
}
Event: 87.513 GC heap after
{Heap after GC invocations=55 (full 0):
 garbage-first heap   total 249856K, used 170714K [0x0000000080000000, 0x0000000100000000)
  region size 1024K, 2 young (2048K), 2 survivors (2048K)
 Metaspace       used 141187K, capacity 145657K, committed 145840K, reserved 1175552K
  class space    used 17961K, capacity 19710K, committed 19756K, reserved 1048576K
}
Event: 88.135 GC heap before
{Heap before GC invocations=55 (full 0):
 garbage-first heap   total 249856K, used 208602K [0x0000000080000000, 0x0000000100000000)
  region size 1024K, 21 young (21504K), 2 survivors (2048K)
 Metaspace       used 142965K, capacity 147447K, committed 147632K, reserved 1177600K
  class space    used 18173K, capacity 19938K, committed 20012K, reserved 1048576K
}
Event: 88.140 GC heap after
{Heap after GC invocations=56 (full 0):
 garbage-first heap   total 249856K, used 182392K [0x0000000080000000, 0x0000000100000000)
  region size 1024K, 4 young (4096K), 4 survivors (4096K)
 Metaspace       used 142965K, capacity 147447K, committed 147632K, reserved 1177600K
  class space    used 18173K, capacity 19938K, committed 20012K, reserved 1048576K
}
Event: 88.843 GC heap before
{Heap before GC invocations=57 (full 0):
 garbage-first heap   total 249856K, used 212088K [0x0000000080000000, 0x0000000100000000)
  region size 1024K, 30 young (30720K), 4 survivors (4096K)
 Metaspace       used 145743K, capacity 150059K, committed 151088K, reserved 1179648K
  class space    used 18321K, capacity 20023K, committed 20396K, reserved 1048576K
}
Event: 88.852 GC heap after
{Heap after GC invocations=58 (full 0):
 garbage-first heap   total 249856K, used 166306K [0x0000000080000000, 0x0000000100000000)
  region size 1024K, 2 young (2048K), 2 survivors (2048K)
 Metaspace       used 145743K, capacity 150059K, committed 151088K, reserved 1179648K
  class space    used 18321K, capacity 20023K, committed 20396K, reserved 1048576K
}
Event: 381.336 GC heap before
{Heap before GC invocations=58 (full 0):
 garbage-first heap   total 249856K, used 175522K [0x0000000080000000, 0x0000000100000000)
  region size 1024K, 12 young (12288K), 2 survivors (2048K)
 Metaspace       used 146572K, capacity 150933K, committed 151600K, reserved 1181696K
  class space    used 18381K, capacity 20122K, committed 20396K, reserved 1048576K
}
Event: 381.347 GC heap after
{Heap after GC invocations=59 (full 0):
 garbage-first heap   total 249856K, used 158193K [0x0000000080000000, 0x0000000100000000)
  region size 1024K, 1 young (1024K), 1 survivors (1024K)
 Metaspace       used 146572K, capacity 150933K, committed 151600K, reserved 1181696K
  class space    used 18381K, capacity 20122K, committed 20396K, reserved 1048576K
}
Event: 1009.560 GC heap before
{Heap before GC invocations=59 (full 0):
 garbage-first heap   total 249856K, used 199153K [0x0000000080000000, 0x0000000100000000)
  region size 1024K, 42 young (43008K), 1 survivors (1024K)
 Metaspace       used 146985K, capacity 151369K, committed 152112K, reserved 1181696K
  class space    used 18391K, capacity 20140K, committed 20396K, reserved 1048576K
}
Event: 1009.572 GC heap after
{Heap after GC invocations=60 (full 0):
 garbage-first heap   total 249856K, used 160713K [0x0000000080000000, 0x0000000100000000)
  region size 1024K, 4 young (4096K), 4 survivors (4096K)
 Metaspace       used 146985K, capacity 151369K, committed 152112K, reserved 1181696K
  class space    used 18391K, capacity 20140K, committed 20396K, reserved 1048576K
}
Event: 1010.305 GC heap before
{Heap before GC invocations=60 (full 0):
 garbage-first heap   total 249856K, used 202697K [0x0000000080000000, 0x0000000100000000)
  region size 1024K, 45 young (46080K), 4 survivors (4096K)
 Metaspace       used 147308K, capacity 151696K, committed 152368K, reserved 1181696K
  class space    used 18399K, capacity 20155K, committed 20396K, reserved 1048576K
}
Event: 1010.318 GC heap after
{Heap after GC invocations=61 (full 0):
 garbage-first heap   total 249856K, used 166265K [0x0000000080000000, 0x0000000100000000)
  region size 1024K, 6 young (6144K), 6 survivors (6144K)
 Metaspace       used 147308K, capacity 151696K, committed 152368K, reserved 1181696K
  class space    used 18399K, capacity 20155K, committed 20396K, reserved 1048576K
}

