# JRE version: OpenJDK Runtime Environment (11.0.15) (build 11.0.15+0-b2043.56-8887301)
# Java VM: OpenJDK 64-Bit Server VM (11.0.15+0-b2043.56-8887301, mixed mode, tiered, compressed oops, g1 gc, windows-amd64)
Heap:
 garbage-first heap   total 342016K, used 326656K [0x0000000080000000, 0x0000000100000000)
  region size 1024K, 14 young (14336K), 2 survivors (2048K)
 Metaspace       used 131923K, capacity 136408K, committed 136528K, reserved 1167360K
  class space    used 16418K, capacity 17997K, committed 18080K, reserved 1048576K
GC Heap History (20 events):
Event: 1142.838 GC heap before
{Heap before GC invocations=114 (full 0):
 garbage-first heap   total 342016K, used 300007K [0x0000000080000000, 0x0000000100000000)
  region size 1024K, 21 young (21504K), 3 survivors (3072K)
 Metaspace       used 128831K, capacity 133072K, committed 133328K, reserved 1165312K
  class space    used 16035K, capacity 17575K, committed 17696K, reserved 1048576K
}
Event: 1142.841 GC heap after
{Heap after GC invocations=115 (full 0):
 garbage-first heap   total 342016K, used 282844K [0x0000000080000000, 0x0000000100000000)
  region size 1024K, 2 young (2048K), 2 survivors (2048K)
 Metaspace       used 128831K, capacity 133072K, committed 133328K, reserved 1165312K
  class space    used 16035K, capacity 17575K, committed 17696K, reserved 1048576K
}
Event: 2162.850 GC heap before
{Heap before GC invocations=115 (full 0):
 garbage-first heap   total 342016K, used 301276K [0x0000000080000000, 0x0000000100000000)
  region size 1024K, 20 young (20480K), 2 survivors (2048K)
 Metaspace       used 128896K, capacity 133136K, committed 133328K, reserved 1165312K
  class space    used 16035K, capacity 17575K, committed 17696K, reserved 1048576K
}
Event: 2162.852 GC heap after
{Heap after GC invocations=116 (full 0):
 garbage-first heap   total 342016K, used 282799K [0x0000000080000000, 0x0000000100000000)
  region size 1024K, 2 young (2048K), 2 survivors (2048K)
 Metaspace       used 128896K, capacity 133136K, committed 133328K, reserved 1165312K
  class space    used 16035K, capacity 17575K, committed 17696K, reserved 1048576K
}
Event: 3103.515 GC heap before
{Heap before GC invocations=116 (full 0):
 garbage-first heap   total 342016K, used 301231K [0x0000000080000000, 0x0000000100000000)
  region size 1024K, 20 young (20480K), 2 survivors (2048K)
 Metaspace       used 128940K, capacity 133208K, committed 133584K, reserved 1165312K
  class space    used 16035K, capacity 17575K, committed 17696K, reserved 1048576K
}
Event: 3103.518 GC heap after
{Heap after GC invocations=117 (full 0):
 garbage-first heap   total 342016K, used 283001K [0x0000000080000000, 0x0000000100000000)
  region size 1024K, 2 young (2048K), 2 survivors (2048K)
 Metaspace       used 128940K, capacity 133208K, committed 133584K, reserved 1165312K
  class space    used 16035K, capacity 17575K, committed 17696K, reserved 1048576K
}
Event: 3103.941 GC heap before
{Heap before GC invocations=117 (full 0):
 garbage-first heap   total 342016K, used 301433K [0x0000000080000000, 0x0000000100000000)
  region size 1024K, 21 young (21504K), 2 survivors (2048K)
 Metaspace       used 128966K, capacity 133215K, committed 133584K, reserved 1165312K
  class space    used 16037K, capacity 17577K, committed 17696K, reserved 1048576K
}
Event: 3103.947 GC heap after
{Heap after GC invocations=118 (full 0):
 garbage-first heap   total 342016K, used 284592K [0x0000000080000000, 0x0000000100000000)
  region size 1024K, 3 young (3072K), 3 survivors (3072K)
 Metaspace       used 128966K, capacity 133215K, committed 133584K, reserved 1165312K
  class space    used 16037K, capacity 17577K, committed 17696K, reserved 1048576K
}
Event: 3104.149 GC heap before
{Heap before GC invocations=118 (full 0):
 garbage-first heap   total 342016K, used 303024K [0x0000000080000000, 0x0000000100000000)
  region size 1024K, 21 young (21504K), 3 survivors (3072K)
 Metaspace       used 129220K, capacity 133596K, committed 133840K, reserved 1165312K
  class space    used 16083K, capacity 17663K, committed 17696K, reserved 1048576K
}
Event: 3104.160 GC heap after
{Heap after GC invocations=119 (full 0):
 garbage-first heap   total 342016K, used 287208K [0x0000000080000000, 0x0000000100000000)
  region size 1024K, 3 young (3072K), 3 survivors (3072K)
 Metaspace       used 129220K, capacity 133596K, committed 133840K, reserved 1165312K
  class space    used 16083K, capacity 17663K, committed 17696K, reserved 1048576K
}
Event: 3104.416 GC heap before
{Heap before GC invocations=119 (full 0):
 garbage-first heap   total 342016K, used 302568K [0x0000000080000000, 0x0000000100000000)
  region size 1024K, 18 young (18432K), 3 survivors (3072K)
 Metaspace       used 129327K, capacity 133782K, committed 133840K, reserved 1165312K
  class space    used 16088K, capacity 17673K, committed 17696K, reserved 1048576K
}
Event: 3104.424 GC heap after
{Heap after GC invocations=120 (full 0):
 garbage-first heap   total 342016K, used 290360K [0x0000000080000000, 0x0000000100000000)
  region size 1024K, 3 young (3072K), 3 survivors (3072K)
 Metaspace       used 129327K, capacity 133782K, committed 133840K, reserved 1165312K
  class space    used 16088K, capacity 17673K, committed 17696K, reserved 1048576K
}
Event: 3104.506 GC heap before
{Heap before GC invocations=120 (full 0):
 garbage-first heap   total 342016K, used 302648K [0x0000000080000000, 0x0000000100000000)
  region size 1024K, 16 young (16384K), 3 survivors (3072K)
 Metaspace       used 129331K, capacity 133782K, committed 133840K, reserved 1165312K
  class space    used 16088K, capacity 17673K, committed 17696K, reserved 1048576K
}
Event: 3104.516 GC heap after
{Heap after GC invocations=121 (full 0):
 garbage-first heap   total 342016K, used 292864K [0x0000000080000000, 0x0000000100000000)
  region size 1024K, 2 young (2048K), 2 survivors (2048K)
 Metaspace       used 129331K, capacity 133782K, committed 133840K, reserved 1165312K
  class space    used 16088K, capacity 17673K, committed 17696K, reserved 1048576K
}
Event: 3104.761 GC heap before
{Heap before GC invocations=121 (full 0):
 garbage-first heap   total 342016K, used 310272K [0x0000000080000000, 0x0000000100000000)
  region size 1024K, 16 young (16384K), 2 survivors (2048K)
 Metaspace       used 130082K, capacity 134472K, committed 134736K, reserved 1167360K
  class space    used 16194K, capacity 17754K, committed 17824K, reserved 1048576K
}
Event: 3104.769 GC heap after
{Heap after GC invocations=122 (full 0):
 garbage-first heap   total 342016K, used 296875K [0x0000000080000000, 0x0000000100000000)
  region size 1024K, 1 young (1024K), 1 survivors (1024K)
 Metaspace       used 130082K, capacity 134472K, committed 134736K, reserved 1167360K
  class space    used 16194K, capacity 17754K, committed 17824K, reserved 1048576K
}
Event: 3104.995 GC heap before
{Heap before GC invocations=122 (full 0):
 garbage-first heap   total 342016K, used 312235K [0x0000000080000000, 0x0000000100000000)
  region size 1024K, 16 young (16384K), 1 survivors (1024K)
 Metaspace       used 130994K, capacity 135432K, committed 135632K, reserved 1167360K
  class space    used 16317K, capacity 17882K, committed 17952K, reserved 1048576K
}
Event: 3105.023 GC heap after
{Heap after GC invocations=123 (full 0):
 garbage-first heap   total 342016K, used 305602K [0x0000000080000000, 0x0000000100000000)
  region size 1024K, 2 young (2048K), 2 survivors (2048K)
 Metaspace       used 130994K, capacity 135432K, committed 135632K, reserved 1167360K
  class space    used 16317K, capacity 17882K, committed 17952K, reserved 1048576K
}
Event: 3105.350 GC heap before
{Heap before GC invocations=123 (full 0):
 garbage-first heap   total 342016K, used 319938K [0x0000000080000000, 0x0000000100000000)
  region size 1024K, 16 young (16384K), 2 survivors (2048K)
 Metaspace       used 131799K, capacity 136248K, committed 136528K, reserved 1167360K
  class space    used 16403K, capacity 17965K, committed 18080K, reserved 1048576K
}
Event: 3105.369 GC heap after
{Heap after GC invocations=124 (full 0):
 garbage-first heap   total 342016K, used 315392K [0x0000000080000000, 0x0000000100000000)
  region size 1024K, 2 young (2048K), 2 survivors (2048K)
 Metaspace       used 131799K, capacity 136248K, committed 136528K, reserved 1167360K
  class space    used 16403K, capacity 17965K, committed 18080K, reserved 1048576K
}

