# JRE version: OpenJDK Runtime Environment (11.0.15) (build 11.0.15+0-b2043.56-8887301)
# Java VM: OpenJDK 64-Bit Server VM (11.0.15+0-b2043.56-8887301, mixed mode, tiered, compressed oops, g1 gc, windows-amd64)
Heap:
 garbage-first heap   total 394240K, used 97575K [0x0000000080000000, 0x0000000100000000)
  region size 1024K, 74 young (75776K), 14 survivors (14336K)
 Metaspace       used 44920K, capacity 45977K, committed 46236K, reserved 1089536K
  class space    used 5693K, capacity 6103K, committed 6168K, reserved 1048576K
GC Heap History (20 events):
Event: 0.528 GC heap before
{Heap before GC invocations=0 (full 0):
 garbage-first heap   total 196608K, used 17408K [0x0000000080000000, 0x0000000100000000)
  region size 1024K, 14 young (14336K), 0 survivors (0K)
 Metaspace       used 6754K, capacity 6997K, committed 7168K, reserved 1056768K
  class space    used 571K, capacity 650K, committed 768K, reserved 1048576K
}
Event: 0.682 GC heap after
{Heap after GC invocations=1 (full 0):
 garbage-first heap   total 196608K, used 3729K [0x0000000080000000, 0x0000000100000000)
  region size 1024K, 2 young (2048K), 2 survivors (2048K)
 Metaspace       used 6754K, capacity 6997K, committed 7168K, reserved 1056768K
  class space    used 571K, capacity 650K, committed 768K, reserved 1048576K
}
Event: 1.000 GC heap before
{Heap before GC invocations=1 (full 0):
 garbage-first heap   total 196608K, used 17041K [0x0000000080000000, 0x0000000100000000)
  region size 1024K, 12 young (12288K), 2 survivors (2048K)
 Metaspace       used 9777K, capacity 9964K, committed 10112K, reserved 1058816K
  class space    used 992K, capacity 1069K, committed 1152K, reserved 1048576K
}
Event: 1.005 GC heap after
{Heap after GC invocations=2 (full 0):
 garbage-first heap   total 196608K, used 9089K [0x0000000080000000, 0x0000000100000000)
  region size 1024K, 2 young (2048K), 2 survivors (2048K)
 Metaspace       used 9777K, capacity 9964K, committed 10112K, reserved 1058816K
  class space    used 992K, capacity 1069K, committed 1152K, reserved 1048576K
}
Event: 1.340 GC heap before
{Heap before GC invocations=2 (full 0):
 garbage-first heap   total 196608K, used 22401K [0x0000000080000000, 0x0000000100000000)
  region size 1024K, 15 young (15360K), 2 survivors (2048K)
 Metaspace       used 10863K, capacity 11081K, committed 11264K, reserved 1058816K
  class space    used 1111K, capacity 1207K, committed 1280K, reserved 1048576K
}
Event: 1.342 GC heap after
{Heap after GC invocations=3 (full 0):
 garbage-first heap   total 196608K, used 9697K [0x0000000080000000, 0x0000000100000000)
  region size 1024K, 1 young (1024K), 1 survivors (1024K)
 Metaspace       used 10863K, capacity 11081K, committed 11264K, reserved 1058816K
  class space    used 1111K, capacity 1207K, committed 1280K, reserved 1048576K
}
Event: 1.537 GC heap before
{Heap before GC invocations=3 (full 0):
 garbage-first heap   total 196608K, used 30177K [0x0000000080000000, 0x0000000100000000)
  region size 1024K, 21 young (21504K), 1 survivors (1024K)
 Metaspace       used 10975K, capacity 11145K, committed 11264K, reserved 1058816K
  class space    used 1114K, capacity 1207K, committed 1280K, reserved 1048576K
}
Event: 1.541 GC heap after
{Heap after GC invocations=4 (full 0):
 garbage-first heap   total 196608K, used 13918K [0x0000000080000000, 0x0000000100000000)
  region size 1024K, 3 young (3072K), 3 survivors (3072K)
 Metaspace       used 10975K, capacity 11145K, committed 11264K, reserved 1058816K
  class space    used 1114K, capacity 1207K, committed 1280K, reserved 1048576K
}
Event: 2.174 GC heap before
{Heap before GC invocations=4 (full 0):
 garbage-first heap   total 196608K, used 43614K [0x0000000080000000, 0x0000000100000000)
  region size 1024K, 32 young (32768K), 3 survivors (3072K)
 Metaspace       used 17350K, capacity 17740K, committed 18048K, reserved 1064960K
  class space    used 1989K, capacity 2108K, committed 2176K, reserved 1048576K
}
Event: 2.183 GC heap after
{Heap after GC invocations=5 (full 0):
 garbage-first heap   total 196608K, used 16097K [0x0000000080000000, 0x0000000100000000)
  region size 1024K, 3 young (3072K), 3 survivors (3072K)
 Metaspace       used 17350K, capacity 17740K, committed 18048K, reserved 1064960K
  class space    used 1989K, capacity 2108K, committed 2176K, reserved 1048576K
}
Event: 2.512 GC heap before
{Heap before GC invocations=5 (full 0):
 garbage-first heap   total 196608K, used 47841K [0x0000000080000000, 0x0000000100000000)
  region size 1024K, 35 young (35840K), 3 survivors (3072K)
 Metaspace       used 20777K, capacity 21195K, committed 21296K, reserved 1069056K
  class space    used 2520K, capacity 2685K, committed 2688K, reserved 1048576K
}
Event: 2.517 GC heap after
{Heap after GC invocations=6 (full 0):
 garbage-first heap   total 196608K, used 17259K [0x0000000080000000, 0x0000000100000000)
  region size 1024K, 4 young (4096K), 4 survivors (4096K)
 Metaspace       used 20777K, capacity 21195K, committed 21296K, reserved 1069056K
  class space    used 2520K, capacity 2685K, committed 2688K, reserved 1048576K
}
Event: 3.277 GC heap before
{Heap before GC invocations=7 (full 0):
 garbage-first heap   total 196608K, used 78699K [0x0000000080000000, 0x0000000100000000)
  region size 1024K, 64 young (65536K), 4 survivors (4096K)
 Metaspace       used 27307K, capacity 27913K, committed 28028K, reserved 1073152K
  class space    used 3556K, capacity 3768K, committed 3788K, reserved 1048576K
}
Event: 3.283 GC heap after
{Heap after GC invocations=8 (full 0):
 garbage-first heap   total 196608K, used 19590K [0x0000000080000000, 0x0000000100000000)
  region size 1024K, 6 young (6144K), 6 survivors (6144K)
 Metaspace       used 27307K, capacity 27913K, committed 28028K, reserved 1073152K
  class space    used 3556K, capacity 3768K, committed 3788K, reserved 1048576K
}
Event: 4.012 GC heap before
{Heap before GC invocations=8 (full 0):
 garbage-first heap   total 196608K, used 75910K [0x0000000080000000, 0x0000000100000000)
  region size 1024K, 62 young (63488K), 6 survivors (6144K)
 Metaspace       used 35088K, capacity 35961K, committed 36048K, reserved 1081344K
  class space    used 4569K, capacity 4921K, committed 4940K, reserved 1048576K
}
Event: 4.024 GC heap after
{Heap after GC invocations=9 (full 0):
 garbage-first heap   total 196608K, used 22387K [0x0000000080000000, 0x0000000100000000)
  region size 1024K, 9 young (9216K), 9 survivors (9216K)
 Metaspace       used 35088K, capacity 35961K, committed 36048K, reserved 1081344K
  class space    used 4569K, capacity 4921K, committed 4940K, reserved 1048576K
}
Event: 5.151 GC heap before
{Heap before GC invocations=10 (full 0):
 garbage-first heap   total 196608K, used 116595K [0x0000000080000000, 0x0000000100000000)
  region size 1024K, 98 young (100352K), 9 survivors (9216K)
 Metaspace       used 43221K, capacity 44279K, committed 44572K, reserved 1087488K
  class space    used 5537K, capacity 5922K, committed 6040K, reserved 1048576K
}
Event: 5.184 GC heap after
{Heap after GC invocations=11 (full 0):
 garbage-first heap   total 394240K, used 29668K [0x0000000080000000, 0x0000000100000000)
  region size 1024K, 13 young (13312K), 13 survivors (13312K)
 Metaspace       used 43221K, capacity 44279K, committed 44572K, reserved 1087488K
  class space    used 5537K, capacity 5922K, committed 6040K, reserved 1048576K
}
Event: 5.968 GC heap before
{Heap before GC invocations=12 (full 0):
 garbage-first heap   total 394240K, used 158692K [0x0000000080000000, 0x0000000100000000)
  region size 1024K, 139 young (142336K), 13 survivors (13312K)
 Metaspace       used 43301K, capacity 44343K, committed 44572K, reserved 1087488K
  class space    used 5537K, capacity 5922K, committed 6040K, reserved 1048576K
}
Event: 5.990 GC heap after
{Heap after GC invocations=13 (full 0):
 garbage-first heap   total 394240K, used 37159K [0x0000000080000000, 0x0000000100000000)
  region size 1024K, 14 young (14336K), 14 survivors (14336K)
 Metaspace       used 43301K, capacity 44343K, committed 44572K, reserved 1087488K
  class space    used 5537K, capacity 5922K, committed 6040K, reserved 1048576K
}

